[2023-07-17 09:52:43,257] {processor.py:153} INFO - Started process (PID=4022) to work on /home/eugenio/Documents/curso/venv/lib/python3.9/site-packages/airflow/example_dags/subdags/subdag.py
[2023-07-17 09:52:43,257] {processor.py:641} INFO - Processing file /home/eugenio/Documents/curso/venv/lib/python3.9/site-packages/airflow/example_dags/subdags/subdag.py for tasks to queue
[2023-07-17 09:52:43,258] {logging_mixin.py:115} INFO - [2023-07-17 09:52:43,258] {dagbag.py:507} INFO - Filling up the DagBag from /home/eugenio/Documents/curso/venv/lib/python3.9/site-packages/airflow/example_dags/subdags/subdag.py
[2023-07-17 09:52:43,259] {processor.py:653} WARNING - No viable dags retrieved from /home/eugenio/Documents/curso/venv/lib/python3.9/site-packages/airflow/example_dags/subdags/subdag.py
[2023-07-17 09:52:43,268] {processor.py:161} INFO - Processing /home/eugenio/Documents/curso/venv/lib/python3.9/site-packages/airflow/example_dags/subdags/subdag.py took 0.013 seconds
[2023-07-17 09:53:22,085] {processor.py:153} INFO - Started process (PID=4675) to work on /home/eugenio/Documents/curso/venv/lib/python3.9/site-packages/airflow/example_dags/subdags/subdag.py
[2023-07-17 09:53:22,086] {processor.py:641} INFO - Processing file /home/eugenio/Documents/curso/venv/lib/python3.9/site-packages/airflow/example_dags/subdags/subdag.py for tasks to queue
[2023-07-17 09:53:22,086] {logging_mixin.py:115} INFO - [2023-07-17 09:53:22,086] {dagbag.py:507} INFO - Filling up the DagBag from /home/eugenio/Documents/curso/venv/lib/python3.9/site-packages/airflow/example_dags/subdags/subdag.py
[2023-07-17 09:53:22,089] {processor.py:653} WARNING - No viable dags retrieved from /home/eugenio/Documents/curso/venv/lib/python3.9/site-packages/airflow/example_dags/subdags/subdag.py
[2023-07-17 09:53:22,098] {processor.py:161} INFO - Processing /home/eugenio/Documents/curso/venv/lib/python3.9/site-packages/airflow/example_dags/subdags/subdag.py took 0.015 seconds
[2023-07-17 09:53:56,918] {processor.py:153} INFO - Started process (PID=4784) to work on /home/eugenio/Documents/curso/venv/lib/python3.9/site-packages/airflow/example_dags/subdags/subdag.py
[2023-07-17 09:53:56,920] {processor.py:641} INFO - Processing file /home/eugenio/Documents/curso/venv/lib/python3.9/site-packages/airflow/example_dags/subdags/subdag.py for tasks to queue
[2023-07-17 09:53:56,920] {logging_mixin.py:115} INFO - [2023-07-17 09:53:56,920] {dagbag.py:507} INFO - Filling up the DagBag from /home/eugenio/Documents/curso/venv/lib/python3.9/site-packages/airflow/example_dags/subdags/subdag.py
[2023-07-17 09:53:56,921] {processor.py:653} WARNING - No viable dags retrieved from /home/eugenio/Documents/curso/venv/lib/python3.9/site-packages/airflow/example_dags/subdags/subdag.py
[2023-07-17 09:53:56,930] {processor.py:161} INFO - Processing /home/eugenio/Documents/curso/venv/lib/python3.9/site-packages/airflow/example_dags/subdags/subdag.py took 0.014 seconds
[2023-07-17 09:54:33,239] {processor.py:153} INFO - Started process (PID=5038) to work on /home/eugenio/Documents/curso/venv/lib/python3.9/site-packages/airflow/example_dags/subdags/subdag.py
[2023-07-17 09:54:33,240] {processor.py:641} INFO - Processing file /home/eugenio/Documents/curso/venv/lib/python3.9/site-packages/airflow/example_dags/subdags/subdag.py for tasks to queue
[2023-07-17 09:54:33,241] {logging_mixin.py:115} INFO - [2023-07-17 09:54:33,240] {dagbag.py:507} INFO - Filling up the DagBag from /home/eugenio/Documents/curso/venv/lib/python3.9/site-packages/airflow/example_dags/subdags/subdag.py
[2023-07-17 09:54:33,242] {processor.py:653} WARNING - No viable dags retrieved from /home/eugenio/Documents/curso/venv/lib/python3.9/site-packages/airflow/example_dags/subdags/subdag.py
[2023-07-17 09:54:33,254] {processor.py:161} INFO - Processing /home/eugenio/Documents/curso/venv/lib/python3.9/site-packages/airflow/example_dags/subdags/subdag.py took 0.018 seconds
[2023-07-17 09:55:08,573] {processor.py:153} INFO - Started process (PID=5290) to work on /home/eugenio/Documents/curso/venv/lib/python3.9/site-packages/airflow/example_dags/subdags/subdag.py
[2023-07-17 09:55:08,574] {processor.py:641} INFO - Processing file /home/eugenio/Documents/curso/venv/lib/python3.9/site-packages/airflow/example_dags/subdags/subdag.py for tasks to queue
[2023-07-17 09:55:08,574] {logging_mixin.py:115} INFO - [2023-07-17 09:55:08,574] {dagbag.py:507} INFO - Filling up the DagBag from /home/eugenio/Documents/curso/venv/lib/python3.9/site-packages/airflow/example_dags/subdags/subdag.py
[2023-07-17 09:55:08,576] {processor.py:653} WARNING - No viable dags retrieved from /home/eugenio/Documents/curso/venv/lib/python3.9/site-packages/airflow/example_dags/subdags/subdag.py
[2023-07-17 09:55:08,584] {processor.py:161} INFO - Processing /home/eugenio/Documents/curso/venv/lib/python3.9/site-packages/airflow/example_dags/subdags/subdag.py took 0.013 seconds
[2023-07-17 09:55:40,007] {processor.py:153} INFO - Started process (PID=5467) to work on /home/eugenio/Documents/curso/venv/lib/python3.9/site-packages/airflow/example_dags/subdags/subdag.py
[2023-07-17 09:55:40,008] {processor.py:641} INFO - Processing file /home/eugenio/Documents/curso/venv/lib/python3.9/site-packages/airflow/example_dags/subdags/subdag.py for tasks to queue
[2023-07-17 09:55:40,008] {logging_mixin.py:115} INFO - [2023-07-17 09:55:40,008] {dagbag.py:507} INFO - Filling up the DagBag from /home/eugenio/Documents/curso/venv/lib/python3.9/site-packages/airflow/example_dags/subdags/subdag.py
[2023-07-17 09:55:40,010] {processor.py:653} WARNING - No viable dags retrieved from /home/eugenio/Documents/curso/venv/lib/python3.9/site-packages/airflow/example_dags/subdags/subdag.py
[2023-07-17 09:55:40,019] {processor.py:161} INFO - Processing /home/eugenio/Documents/curso/venv/lib/python3.9/site-packages/airflow/example_dags/subdags/subdag.py took 0.014 seconds
[2023-07-17 09:56:13,901] {processor.py:153} INFO - Started process (PID=5817) to work on /home/eugenio/Documents/curso/venv/lib/python3.9/site-packages/airflow/example_dags/subdags/subdag.py
[2023-07-17 09:56:13,902] {processor.py:641} INFO - Processing file /home/eugenio/Documents/curso/venv/lib/python3.9/site-packages/airflow/example_dags/subdags/subdag.py for tasks to queue
[2023-07-17 09:56:13,902] {logging_mixin.py:115} INFO - [2023-07-17 09:56:13,902] {dagbag.py:507} INFO - Filling up the DagBag from /home/eugenio/Documents/curso/venv/lib/python3.9/site-packages/airflow/example_dags/subdags/subdag.py
[2023-07-17 09:56:13,904] {processor.py:653} WARNING - No viable dags retrieved from /home/eugenio/Documents/curso/venv/lib/python3.9/site-packages/airflow/example_dags/subdags/subdag.py
[2023-07-17 09:56:13,914] {processor.py:161} INFO - Processing /home/eugenio/Documents/curso/venv/lib/python3.9/site-packages/airflow/example_dags/subdags/subdag.py took 0.016 seconds
[2023-07-17 09:56:47,969] {processor.py:153} INFO - Started process (PID=6256) to work on /home/eugenio/Documents/curso/venv/lib/python3.9/site-packages/airflow/example_dags/subdags/subdag.py
[2023-07-17 09:56:47,970] {processor.py:641} INFO - Processing file /home/eugenio/Documents/curso/venv/lib/python3.9/site-packages/airflow/example_dags/subdags/subdag.py for tasks to queue
[2023-07-17 09:56:47,970] {logging_mixin.py:115} INFO - [2023-07-17 09:56:47,970] {dagbag.py:507} INFO - Filling up the DagBag from /home/eugenio/Documents/curso/venv/lib/python3.9/site-packages/airflow/example_dags/subdags/subdag.py
[2023-07-17 09:56:47,972] {processor.py:653} WARNING - No viable dags retrieved from /home/eugenio/Documents/curso/venv/lib/python3.9/site-packages/airflow/example_dags/subdags/subdag.py
[2023-07-17 09:56:47,985] {processor.py:161} INFO - Processing /home/eugenio/Documents/curso/venv/lib/python3.9/site-packages/airflow/example_dags/subdags/subdag.py took 0.020 seconds
[2023-07-17 09:57:31,395] {processor.py:153} INFO - Started process (PID=6895) to work on /home/eugenio/Documents/curso/venv/lib/python3.9/site-packages/airflow/example_dags/subdags/subdag.py
[2023-07-17 09:57:31,396] {processor.py:641} INFO - Processing file /home/eugenio/Documents/curso/venv/lib/python3.9/site-packages/airflow/example_dags/subdags/subdag.py for tasks to queue
[2023-07-17 09:57:31,400] {logging_mixin.py:115} INFO - [2023-07-17 09:57:31,399] {dagbag.py:507} INFO - Filling up the DagBag from /home/eugenio/Documents/curso/venv/lib/python3.9/site-packages/airflow/example_dags/subdags/subdag.py
[2023-07-17 09:57:31,402] {processor.py:653} WARNING - No viable dags retrieved from /home/eugenio/Documents/curso/venv/lib/python3.9/site-packages/airflow/example_dags/subdags/subdag.py
[2023-07-17 09:57:31,411] {processor.py:161} INFO - Processing /home/eugenio/Documents/curso/venv/lib/python3.9/site-packages/airflow/example_dags/subdags/subdag.py took 0.019 seconds
[2023-07-17 09:58:04,007] {processor.py:153} INFO - Started process (PID=7284) to work on /home/eugenio/Documents/curso/venv/lib/python3.9/site-packages/airflow/example_dags/subdags/subdag.py
[2023-07-17 09:58:04,008] {processor.py:641} INFO - Processing file /home/eugenio/Documents/curso/venv/lib/python3.9/site-packages/airflow/example_dags/subdags/subdag.py for tasks to queue
[2023-07-17 09:58:04,009] {logging_mixin.py:115} INFO - [2023-07-17 09:58:04,008] {dagbag.py:507} INFO - Filling up the DagBag from /home/eugenio/Documents/curso/venv/lib/python3.9/site-packages/airflow/example_dags/subdags/subdag.py
[2023-07-17 09:58:04,010] {processor.py:653} WARNING - No viable dags retrieved from /home/eugenio/Documents/curso/venv/lib/python3.9/site-packages/airflow/example_dags/subdags/subdag.py
[2023-07-17 09:58:04,022] {processor.py:161} INFO - Processing /home/eugenio/Documents/curso/venv/lib/python3.9/site-packages/airflow/example_dags/subdags/subdag.py took 0.018 seconds
[2023-07-17 09:58:40,056] {processor.py:153} INFO - Started process (PID=7745) to work on /home/eugenio/Documents/curso/venv/lib/python3.9/site-packages/airflow/example_dags/subdags/subdag.py
[2023-07-17 09:58:40,057] {processor.py:641} INFO - Processing file /home/eugenio/Documents/curso/venv/lib/python3.9/site-packages/airflow/example_dags/subdags/subdag.py for tasks to queue
[2023-07-17 09:58:40,057] {logging_mixin.py:115} INFO - [2023-07-17 09:58:40,057] {dagbag.py:507} INFO - Filling up the DagBag from /home/eugenio/Documents/curso/venv/lib/python3.9/site-packages/airflow/example_dags/subdags/subdag.py
[2023-07-17 09:58:40,059] {processor.py:653} WARNING - No viable dags retrieved from /home/eugenio/Documents/curso/venv/lib/python3.9/site-packages/airflow/example_dags/subdags/subdag.py
[2023-07-17 09:58:40,068] {processor.py:161} INFO - Processing /home/eugenio/Documents/curso/venv/lib/python3.9/site-packages/airflow/example_dags/subdags/subdag.py took 0.014 seconds
[2023-07-17 09:59:12,585] {processor.py:153} INFO - Started process (PID=7914) to work on /home/eugenio/Documents/curso/venv/lib/python3.9/site-packages/airflow/example_dags/subdags/subdag.py
[2023-07-17 09:59:12,586] {processor.py:641} INFO - Processing file /home/eugenio/Documents/curso/venv/lib/python3.9/site-packages/airflow/example_dags/subdags/subdag.py for tasks to queue
[2023-07-17 09:59:12,586] {logging_mixin.py:115} INFO - [2023-07-17 09:59:12,586] {dagbag.py:507} INFO - Filling up the DagBag from /home/eugenio/Documents/curso/venv/lib/python3.9/site-packages/airflow/example_dags/subdags/subdag.py
[2023-07-17 09:59:12,587] {processor.py:653} WARNING - No viable dags retrieved from /home/eugenio/Documents/curso/venv/lib/python3.9/site-packages/airflow/example_dags/subdags/subdag.py
[2023-07-17 09:59:12,596] {processor.py:161} INFO - Processing /home/eugenio/Documents/curso/venv/lib/python3.9/site-packages/airflow/example_dags/subdags/subdag.py took 0.013 seconds
[2023-07-17 09:59:49,110] {processor.py:153} INFO - Started process (PID=8210) to work on /home/eugenio/Documents/curso/venv/lib/python3.9/site-packages/airflow/example_dags/subdags/subdag.py
[2023-07-17 09:59:49,111] {processor.py:641} INFO - Processing file /home/eugenio/Documents/curso/venv/lib/python3.9/site-packages/airflow/example_dags/subdags/subdag.py for tasks to queue
[2023-07-17 09:59:49,112] {logging_mixin.py:115} INFO - [2023-07-17 09:59:49,112] {dagbag.py:507} INFO - Filling up the DagBag from /home/eugenio/Documents/curso/venv/lib/python3.9/site-packages/airflow/example_dags/subdags/subdag.py
[2023-07-17 09:59:49,113] {processor.py:653} WARNING - No viable dags retrieved from /home/eugenio/Documents/curso/venv/lib/python3.9/site-packages/airflow/example_dags/subdags/subdag.py
[2023-07-17 09:59:49,122] {processor.py:161} INFO - Processing /home/eugenio/Documents/curso/venv/lib/python3.9/site-packages/airflow/example_dags/subdags/subdag.py took 0.014 seconds
[2023-07-17 10:00:24,386] {processor.py:153} INFO - Started process (PID=8459) to work on /home/eugenio/Documents/curso/venv/lib/python3.9/site-packages/airflow/example_dags/subdags/subdag.py
[2023-07-17 10:00:24,387] {processor.py:641} INFO - Processing file /home/eugenio/Documents/curso/venv/lib/python3.9/site-packages/airflow/example_dags/subdags/subdag.py for tasks to queue
[2023-07-17 10:00:24,388] {logging_mixin.py:115} INFO - [2023-07-17 10:00:24,388] {dagbag.py:507} INFO - Filling up the DagBag from /home/eugenio/Documents/curso/venv/lib/python3.9/site-packages/airflow/example_dags/subdags/subdag.py
[2023-07-17 10:00:24,389] {processor.py:653} WARNING - No viable dags retrieved from /home/eugenio/Documents/curso/venv/lib/python3.9/site-packages/airflow/example_dags/subdags/subdag.py
[2023-07-17 10:00:24,398] {processor.py:161} INFO - Processing /home/eugenio/Documents/curso/venv/lib/python3.9/site-packages/airflow/example_dags/subdags/subdag.py took 0.014 seconds
[2023-07-17 10:00:56,216] {processor.py:153} INFO - Started process (PID=8632) to work on /home/eugenio/Documents/curso/venv/lib/python3.9/site-packages/airflow/example_dags/subdags/subdag.py
[2023-07-17 10:00:56,217] {processor.py:641} INFO - Processing file /home/eugenio/Documents/curso/venv/lib/python3.9/site-packages/airflow/example_dags/subdags/subdag.py for tasks to queue
[2023-07-17 10:00:56,218] {logging_mixin.py:115} INFO - [2023-07-17 10:00:56,217] {dagbag.py:507} INFO - Filling up the DagBag from /home/eugenio/Documents/curso/venv/lib/python3.9/site-packages/airflow/example_dags/subdags/subdag.py
[2023-07-17 10:00:56,219] {processor.py:653} WARNING - No viable dags retrieved from /home/eugenio/Documents/curso/venv/lib/python3.9/site-packages/airflow/example_dags/subdags/subdag.py
[2023-07-17 10:00:56,227] {processor.py:161} INFO - Processing /home/eugenio/Documents/curso/venv/lib/python3.9/site-packages/airflow/example_dags/subdags/subdag.py took 0.013 seconds
[2023-07-17 10:01:32,260] {processor.py:153} INFO - Started process (PID=8814) to work on /home/eugenio/Documents/curso/venv/lib/python3.9/site-packages/airflow/example_dags/subdags/subdag.py
[2023-07-17 10:01:32,261] {processor.py:641} INFO - Processing file /home/eugenio/Documents/curso/venv/lib/python3.9/site-packages/airflow/example_dags/subdags/subdag.py for tasks to queue
[2023-07-17 10:01:32,262] {logging_mixin.py:115} INFO - [2023-07-17 10:01:32,261] {dagbag.py:507} INFO - Filling up the DagBag from /home/eugenio/Documents/curso/venv/lib/python3.9/site-packages/airflow/example_dags/subdags/subdag.py
[2023-07-17 10:01:32,263] {processor.py:653} WARNING - No viable dags retrieved from /home/eugenio/Documents/curso/venv/lib/python3.9/site-packages/airflow/example_dags/subdags/subdag.py
[2023-07-17 10:01:32,270] {processor.py:161} INFO - Processing /home/eugenio/Documents/curso/venv/lib/python3.9/site-packages/airflow/example_dags/subdags/subdag.py took 0.013 seconds
[2023-07-17 10:02:03,058] {processor.py:153} INFO - Started process (PID=8971) to work on /home/eugenio/Documents/curso/venv/lib/python3.9/site-packages/airflow/example_dags/subdags/subdag.py
[2023-07-17 10:02:03,059] {processor.py:641} INFO - Processing file /home/eugenio/Documents/curso/venv/lib/python3.9/site-packages/airflow/example_dags/subdags/subdag.py for tasks to queue
[2023-07-17 10:02:03,060] {logging_mixin.py:115} INFO - [2023-07-17 10:02:03,059] {dagbag.py:507} INFO - Filling up the DagBag from /home/eugenio/Documents/curso/venv/lib/python3.9/site-packages/airflow/example_dags/subdags/subdag.py
[2023-07-17 10:02:03,060] {processor.py:653} WARNING - No viable dags retrieved from /home/eugenio/Documents/curso/venv/lib/python3.9/site-packages/airflow/example_dags/subdags/subdag.py
[2023-07-17 10:02:03,068] {processor.py:161} INFO - Processing /home/eugenio/Documents/curso/venv/lib/python3.9/site-packages/airflow/example_dags/subdags/subdag.py took 0.012 seconds
[2023-07-17 10:02:37,465] {processor.py:153} INFO - Started process (PID=9198) to work on /home/eugenio/Documents/curso/venv/lib/python3.9/site-packages/airflow/example_dags/subdags/subdag.py
[2023-07-17 10:02:37,466] {processor.py:641} INFO - Processing file /home/eugenio/Documents/curso/venv/lib/python3.9/site-packages/airflow/example_dags/subdags/subdag.py for tasks to queue
[2023-07-17 10:02:37,466] {logging_mixin.py:115} INFO - [2023-07-17 10:02:37,466] {dagbag.py:507} INFO - Filling up the DagBag from /home/eugenio/Documents/curso/venv/lib/python3.9/site-packages/airflow/example_dags/subdags/subdag.py
[2023-07-17 10:02:37,467] {processor.py:653} WARNING - No viable dags retrieved from /home/eugenio/Documents/curso/venv/lib/python3.9/site-packages/airflow/example_dags/subdags/subdag.py
[2023-07-17 10:02:37,475] {processor.py:161} INFO - Processing /home/eugenio/Documents/curso/venv/lib/python3.9/site-packages/airflow/example_dags/subdags/subdag.py took 0.012 seconds
[2023-07-17 10:03:08,992] {processor.py:153} INFO - Started process (PID=9358) to work on /home/eugenio/Documents/curso/venv/lib/python3.9/site-packages/airflow/example_dags/subdags/subdag.py
[2023-07-17 10:03:08,993] {processor.py:641} INFO - Processing file /home/eugenio/Documents/curso/venv/lib/python3.9/site-packages/airflow/example_dags/subdags/subdag.py for tasks to queue
[2023-07-17 10:03:08,993] {logging_mixin.py:115} INFO - [2023-07-17 10:03:08,993] {dagbag.py:507} INFO - Filling up the DagBag from /home/eugenio/Documents/curso/venv/lib/python3.9/site-packages/airflow/example_dags/subdags/subdag.py
[2023-07-17 10:03:08,994] {processor.py:653} WARNING - No viable dags retrieved from /home/eugenio/Documents/curso/venv/lib/python3.9/site-packages/airflow/example_dags/subdags/subdag.py
[2023-07-17 10:03:09,003] {processor.py:161} INFO - Processing /home/eugenio/Documents/curso/venv/lib/python3.9/site-packages/airflow/example_dags/subdags/subdag.py took 0.014 seconds
[2023-07-17 10:03:39,377] {processor.py:153} INFO - Started process (PID=9517) to work on /home/eugenio/Documents/curso/venv/lib/python3.9/site-packages/airflow/example_dags/subdags/subdag.py
[2023-07-17 10:03:39,378] {processor.py:641} INFO - Processing file /home/eugenio/Documents/curso/venv/lib/python3.9/site-packages/airflow/example_dags/subdags/subdag.py for tasks to queue
[2023-07-17 10:03:39,379] {logging_mixin.py:115} INFO - [2023-07-17 10:03:39,379] {dagbag.py:507} INFO - Filling up the DagBag from /home/eugenio/Documents/curso/venv/lib/python3.9/site-packages/airflow/example_dags/subdags/subdag.py
[2023-07-17 10:03:39,380] {processor.py:653} WARNING - No viable dags retrieved from /home/eugenio/Documents/curso/venv/lib/python3.9/site-packages/airflow/example_dags/subdags/subdag.py
[2023-07-17 10:03:39,388] {processor.py:161} INFO - Processing /home/eugenio/Documents/curso/venv/lib/python3.9/site-packages/airflow/example_dags/subdags/subdag.py took 0.013 seconds
[2023-07-17 10:04:13,286] {processor.py:153} INFO - Started process (PID=9686) to work on /home/eugenio/Documents/curso/venv/lib/python3.9/site-packages/airflow/example_dags/subdags/subdag.py
[2023-07-17 10:04:13,287] {processor.py:641} INFO - Processing file /home/eugenio/Documents/curso/venv/lib/python3.9/site-packages/airflow/example_dags/subdags/subdag.py for tasks to queue
[2023-07-17 10:04:13,288] {logging_mixin.py:115} INFO - [2023-07-17 10:04:13,288] {dagbag.py:507} INFO - Filling up the DagBag from /home/eugenio/Documents/curso/venv/lib/python3.9/site-packages/airflow/example_dags/subdags/subdag.py
[2023-07-17 10:04:13,289] {processor.py:653} WARNING - No viable dags retrieved from /home/eugenio/Documents/curso/venv/lib/python3.9/site-packages/airflow/example_dags/subdags/subdag.py
[2023-07-17 10:04:13,298] {processor.py:161} INFO - Processing /home/eugenio/Documents/curso/venv/lib/python3.9/site-packages/airflow/example_dags/subdags/subdag.py took 0.014 seconds
[2023-07-17 10:04:46,986] {processor.py:153} INFO - Started process (PID=9867) to work on /home/eugenio/Documents/curso/venv/lib/python3.9/site-packages/airflow/example_dags/subdags/subdag.py
[2023-07-17 10:04:46,987] {processor.py:641} INFO - Processing file /home/eugenio/Documents/curso/venv/lib/python3.9/site-packages/airflow/example_dags/subdags/subdag.py for tasks to queue
[2023-07-17 10:04:46,987] {logging_mixin.py:115} INFO - [2023-07-17 10:04:46,987] {dagbag.py:507} INFO - Filling up the DagBag from /home/eugenio/Documents/curso/venv/lib/python3.9/site-packages/airflow/example_dags/subdags/subdag.py
[2023-07-17 10:04:46,988] {processor.py:653} WARNING - No viable dags retrieved from /home/eugenio/Documents/curso/venv/lib/python3.9/site-packages/airflow/example_dags/subdags/subdag.py
[2023-07-17 10:04:46,996] {processor.py:161} INFO - Processing /home/eugenio/Documents/curso/venv/lib/python3.9/site-packages/airflow/example_dags/subdags/subdag.py took 0.012 seconds
[2023-07-17 10:05:20,489] {processor.py:153} INFO - Started process (PID=10037) to work on /home/eugenio/Documents/curso/venv/lib/python3.9/site-packages/airflow/example_dags/subdags/subdag.py
[2023-07-17 10:05:20,490] {processor.py:641} INFO - Processing file /home/eugenio/Documents/curso/venv/lib/python3.9/site-packages/airflow/example_dags/subdags/subdag.py for tasks to queue
[2023-07-17 10:05:20,491] {logging_mixin.py:115} INFO - [2023-07-17 10:05:20,491] {dagbag.py:507} INFO - Filling up the DagBag from /home/eugenio/Documents/curso/venv/lib/python3.9/site-packages/airflow/example_dags/subdags/subdag.py
[2023-07-17 10:05:20,492] {processor.py:653} WARNING - No viable dags retrieved from /home/eugenio/Documents/curso/venv/lib/python3.9/site-packages/airflow/example_dags/subdags/subdag.py
[2023-07-17 10:05:20,500] {processor.py:161} INFO - Processing /home/eugenio/Documents/curso/venv/lib/python3.9/site-packages/airflow/example_dags/subdags/subdag.py took 0.013 seconds
[2023-07-17 10:05:50,823] {processor.py:153} INFO - Started process (PID=10195) to work on /home/eugenio/Documents/curso/venv/lib/python3.9/site-packages/airflow/example_dags/subdags/subdag.py
[2023-07-17 10:05:50,823] {processor.py:641} INFO - Processing file /home/eugenio/Documents/curso/venv/lib/python3.9/site-packages/airflow/example_dags/subdags/subdag.py for tasks to queue
[2023-07-17 10:05:50,824] {logging_mixin.py:115} INFO - [2023-07-17 10:05:50,824] {dagbag.py:507} INFO - Filling up the DagBag from /home/eugenio/Documents/curso/venv/lib/python3.9/site-packages/airflow/example_dags/subdags/subdag.py
[2023-07-17 10:05:50,825] {processor.py:653} WARNING - No viable dags retrieved from /home/eugenio/Documents/curso/venv/lib/python3.9/site-packages/airflow/example_dags/subdags/subdag.py
[2023-07-17 10:05:50,833] {processor.py:161} INFO - Processing /home/eugenio/Documents/curso/venv/lib/python3.9/site-packages/airflow/example_dags/subdags/subdag.py took 0.013 seconds
[2023-07-17 10:06:26,739] {processor.py:153} INFO - Started process (PID=10374) to work on /home/eugenio/Documents/curso/venv/lib/python3.9/site-packages/airflow/example_dags/subdags/subdag.py
[2023-07-17 10:06:26,739] {processor.py:641} INFO - Processing file /home/eugenio/Documents/curso/venv/lib/python3.9/site-packages/airflow/example_dags/subdags/subdag.py for tasks to queue
[2023-07-17 10:06:26,740] {logging_mixin.py:115} INFO - [2023-07-17 10:06:26,740] {dagbag.py:507} INFO - Filling up the DagBag from /home/eugenio/Documents/curso/venv/lib/python3.9/site-packages/airflow/example_dags/subdags/subdag.py
[2023-07-17 10:06:26,741] {processor.py:653} WARNING - No viable dags retrieved from /home/eugenio/Documents/curso/venv/lib/python3.9/site-packages/airflow/example_dags/subdags/subdag.py
[2023-07-17 10:06:26,749] {processor.py:161} INFO - Processing /home/eugenio/Documents/curso/venv/lib/python3.9/site-packages/airflow/example_dags/subdags/subdag.py took 0.013 seconds
[2023-07-17 10:06:58,147] {processor.py:153} INFO - Started process (PID=10537) to work on /home/eugenio/Documents/curso/venv/lib/python3.9/site-packages/airflow/example_dags/subdags/subdag.py
[2023-07-17 10:06:58,148] {processor.py:641} INFO - Processing file /home/eugenio/Documents/curso/venv/lib/python3.9/site-packages/airflow/example_dags/subdags/subdag.py for tasks to queue
[2023-07-17 10:06:58,149] {logging_mixin.py:115} INFO - [2023-07-17 10:06:58,149] {dagbag.py:507} INFO - Filling up the DagBag from /home/eugenio/Documents/curso/venv/lib/python3.9/site-packages/airflow/example_dags/subdags/subdag.py
[2023-07-17 10:06:58,150] {processor.py:653} WARNING - No viable dags retrieved from /home/eugenio/Documents/curso/venv/lib/python3.9/site-packages/airflow/example_dags/subdags/subdag.py
[2023-07-17 10:06:58,158] {processor.py:161} INFO - Processing /home/eugenio/Documents/curso/venv/lib/python3.9/site-packages/airflow/example_dags/subdags/subdag.py took 0.013 seconds
[2023-07-17 10:07:28,347] {processor.py:153} INFO - Started process (PID=10690) to work on /home/eugenio/Documents/curso/venv/lib/python3.9/site-packages/airflow/example_dags/subdags/subdag.py
[2023-07-17 10:07:28,348] {processor.py:641} INFO - Processing file /home/eugenio/Documents/curso/venv/lib/python3.9/site-packages/airflow/example_dags/subdags/subdag.py for tasks to queue
[2023-07-17 10:07:28,348] {logging_mixin.py:115} INFO - [2023-07-17 10:07:28,348] {dagbag.py:507} INFO - Filling up the DagBag from /home/eugenio/Documents/curso/venv/lib/python3.9/site-packages/airflow/example_dags/subdags/subdag.py
[2023-07-17 10:07:28,349] {processor.py:653} WARNING - No viable dags retrieved from /home/eugenio/Documents/curso/venv/lib/python3.9/site-packages/airflow/example_dags/subdags/subdag.py
[2023-07-17 10:07:28,357] {processor.py:161} INFO - Processing /home/eugenio/Documents/curso/venv/lib/python3.9/site-packages/airflow/example_dags/subdags/subdag.py took 0.013 seconds
[2023-07-17 10:08:00,931] {processor.py:153} INFO - Started process (PID=10921) to work on /home/eugenio/Documents/curso/venv/lib/python3.9/site-packages/airflow/example_dags/subdags/subdag.py
[2023-07-17 10:08:00,932] {processor.py:641} INFO - Processing file /home/eugenio/Documents/curso/venv/lib/python3.9/site-packages/airflow/example_dags/subdags/subdag.py for tasks to queue
[2023-07-17 10:08:00,933] {logging_mixin.py:115} INFO - [2023-07-17 10:08:00,933] {dagbag.py:507} INFO - Filling up the DagBag from /home/eugenio/Documents/curso/venv/lib/python3.9/site-packages/airflow/example_dags/subdags/subdag.py
[2023-07-17 10:08:00,934] {processor.py:653} WARNING - No viable dags retrieved from /home/eugenio/Documents/curso/venv/lib/python3.9/site-packages/airflow/example_dags/subdags/subdag.py
[2023-07-17 10:08:00,941] {processor.py:161} INFO - Processing /home/eugenio/Documents/curso/venv/lib/python3.9/site-packages/airflow/example_dags/subdags/subdag.py took 0.012 seconds
[2023-07-17 10:08:33,998] {processor.py:153} INFO - Started process (PID=11087) to work on /home/eugenio/Documents/curso/venv/lib/python3.9/site-packages/airflow/example_dags/subdags/subdag.py
[2023-07-17 10:08:33,999] {processor.py:641} INFO - Processing file /home/eugenio/Documents/curso/venv/lib/python3.9/site-packages/airflow/example_dags/subdags/subdag.py for tasks to queue
[2023-07-17 10:08:33,999] {logging_mixin.py:115} INFO - [2023-07-17 10:08:33,999] {dagbag.py:507} INFO - Filling up the DagBag from /home/eugenio/Documents/curso/venv/lib/python3.9/site-packages/airflow/example_dags/subdags/subdag.py
[2023-07-17 10:08:34,000] {processor.py:653} WARNING - No viable dags retrieved from /home/eugenio/Documents/curso/venv/lib/python3.9/site-packages/airflow/example_dags/subdags/subdag.py
[2023-07-17 10:08:34,008] {processor.py:161} INFO - Processing /home/eugenio/Documents/curso/venv/lib/python3.9/site-packages/airflow/example_dags/subdags/subdag.py took 0.012 seconds
[2023-07-17 10:09:05,530] {processor.py:153} INFO - Started process (PID=11243) to work on /home/eugenio/Documents/curso/venv/lib/python3.9/site-packages/airflow/example_dags/subdags/subdag.py
[2023-07-17 10:09:05,531] {processor.py:641} INFO - Processing file /home/eugenio/Documents/curso/venv/lib/python3.9/site-packages/airflow/example_dags/subdags/subdag.py for tasks to queue
[2023-07-17 10:09:05,532] {logging_mixin.py:115} INFO - [2023-07-17 10:09:05,532] {dagbag.py:507} INFO - Filling up the DagBag from /home/eugenio/Documents/curso/venv/lib/python3.9/site-packages/airflow/example_dags/subdags/subdag.py
[2023-07-17 10:09:05,533] {processor.py:653} WARNING - No viable dags retrieved from /home/eugenio/Documents/curso/venv/lib/python3.9/site-packages/airflow/example_dags/subdags/subdag.py
[2023-07-17 10:09:05,541] {processor.py:161} INFO - Processing /home/eugenio/Documents/curso/venv/lib/python3.9/site-packages/airflow/example_dags/subdags/subdag.py took 0.013 seconds
[2023-07-17 10:09:39,010] {processor.py:153} INFO - Started process (PID=11477) to work on /home/eugenio/Documents/curso/venv/lib/python3.9/site-packages/airflow/example_dags/subdags/subdag.py
[2023-07-17 10:09:39,011] {processor.py:641} INFO - Processing file /home/eugenio/Documents/curso/venv/lib/python3.9/site-packages/airflow/example_dags/subdags/subdag.py for tasks to queue
[2023-07-17 10:09:39,011] {logging_mixin.py:115} INFO - [2023-07-17 10:09:39,011] {dagbag.py:507} INFO - Filling up the DagBag from /home/eugenio/Documents/curso/venv/lib/python3.9/site-packages/airflow/example_dags/subdags/subdag.py
[2023-07-17 10:09:39,012] {processor.py:653} WARNING - No viable dags retrieved from /home/eugenio/Documents/curso/venv/lib/python3.9/site-packages/airflow/example_dags/subdags/subdag.py
[2023-07-17 10:09:39,023] {processor.py:161} INFO - Processing /home/eugenio/Documents/curso/venv/lib/python3.9/site-packages/airflow/example_dags/subdags/subdag.py took 0.016 seconds
[2023-07-17 10:10:10,521] {processor.py:153} INFO - Started process (PID=11632) to work on /home/eugenio/Documents/curso/venv/lib/python3.9/site-packages/airflow/example_dags/subdags/subdag.py
[2023-07-17 10:10:10,523] {processor.py:641} INFO - Processing file /home/eugenio/Documents/curso/venv/lib/python3.9/site-packages/airflow/example_dags/subdags/subdag.py for tasks to queue
[2023-07-17 10:10:10,525] {logging_mixin.py:115} INFO - [2023-07-17 10:10:10,525] {dagbag.py:507} INFO - Filling up the DagBag from /home/eugenio/Documents/curso/venv/lib/python3.9/site-packages/airflow/example_dags/subdags/subdag.py
[2023-07-17 10:10:10,526] {processor.py:653} WARNING - No viable dags retrieved from /home/eugenio/Documents/curso/venv/lib/python3.9/site-packages/airflow/example_dags/subdags/subdag.py
[2023-07-17 10:10:10,535] {processor.py:161} INFO - Processing /home/eugenio/Documents/curso/venv/lib/python3.9/site-packages/airflow/example_dags/subdags/subdag.py took 0.016 seconds
[2023-07-17 10:10:43,497] {processor.py:153} INFO - Started process (PID=11816) to work on /home/eugenio/Documents/curso/venv/lib/python3.9/site-packages/airflow/example_dags/subdags/subdag.py
[2023-07-17 10:10:43,498] {processor.py:641} INFO - Processing file /home/eugenio/Documents/curso/venv/lib/python3.9/site-packages/airflow/example_dags/subdags/subdag.py for tasks to queue
[2023-07-17 10:10:43,499] {logging_mixin.py:115} INFO - [2023-07-17 10:10:43,499] {dagbag.py:507} INFO - Filling up the DagBag from /home/eugenio/Documents/curso/venv/lib/python3.9/site-packages/airflow/example_dags/subdags/subdag.py
[2023-07-17 10:10:43,500] {processor.py:653} WARNING - No viable dags retrieved from /home/eugenio/Documents/curso/venv/lib/python3.9/site-packages/airflow/example_dags/subdags/subdag.py
[2023-07-17 10:10:43,508] {processor.py:161} INFO - Processing /home/eugenio/Documents/curso/venv/lib/python3.9/site-packages/airflow/example_dags/subdags/subdag.py took 0.013 seconds
[2023-07-17 10:11:13,884] {processor.py:153} INFO - Started process (PID=12142) to work on /home/eugenio/Documents/curso/venv/lib/python3.9/site-packages/airflow/example_dags/subdags/subdag.py
[2023-07-17 10:11:13,885] {processor.py:641} INFO - Processing file /home/eugenio/Documents/curso/venv/lib/python3.9/site-packages/airflow/example_dags/subdags/subdag.py for tasks to queue
[2023-07-17 10:11:13,885] {logging_mixin.py:115} INFO - [2023-07-17 10:11:13,885] {dagbag.py:507} INFO - Filling up the DagBag from /home/eugenio/Documents/curso/venv/lib/python3.9/site-packages/airflow/example_dags/subdags/subdag.py
[2023-07-17 10:11:13,886] {processor.py:653} WARNING - No viable dags retrieved from /home/eugenio/Documents/curso/venv/lib/python3.9/site-packages/airflow/example_dags/subdags/subdag.py
[2023-07-17 10:11:13,896] {processor.py:161} INFO - Processing /home/eugenio/Documents/curso/venv/lib/python3.9/site-packages/airflow/example_dags/subdags/subdag.py took 0.015 seconds
[2023-07-17 10:11:46,970] {processor.py:153} INFO - Started process (PID=14358) to work on /home/eugenio/Documents/curso/venv/lib/python3.9/site-packages/airflow/example_dags/subdags/subdag.py
[2023-07-17 10:11:46,971] {processor.py:641} INFO - Processing file /home/eugenio/Documents/curso/venv/lib/python3.9/site-packages/airflow/example_dags/subdags/subdag.py for tasks to queue
[2023-07-17 10:11:46,971] {logging_mixin.py:115} INFO - [2023-07-17 10:11:46,971] {dagbag.py:507} INFO - Filling up the DagBag from /home/eugenio/Documents/curso/venv/lib/python3.9/site-packages/airflow/example_dags/subdags/subdag.py
[2023-07-17 10:11:46,972] {processor.py:653} WARNING - No viable dags retrieved from /home/eugenio/Documents/curso/venv/lib/python3.9/site-packages/airflow/example_dags/subdags/subdag.py
[2023-07-17 10:11:46,983] {processor.py:161} INFO - Processing /home/eugenio/Documents/curso/venv/lib/python3.9/site-packages/airflow/example_dags/subdags/subdag.py took 0.016 seconds
[2023-07-17 10:12:18,963] {processor.py:153} INFO - Started process (PID=14545) to work on /home/eugenio/Documents/curso/venv/lib/python3.9/site-packages/airflow/example_dags/subdags/subdag.py
[2023-07-17 10:12:18,964] {processor.py:641} INFO - Processing file /home/eugenio/Documents/curso/venv/lib/python3.9/site-packages/airflow/example_dags/subdags/subdag.py for tasks to queue
[2023-07-17 10:12:18,964] {logging_mixin.py:115} INFO - [2023-07-17 10:12:18,964] {dagbag.py:507} INFO - Filling up the DagBag from /home/eugenio/Documents/curso/venv/lib/python3.9/site-packages/airflow/example_dags/subdags/subdag.py
[2023-07-17 10:12:18,965] {processor.py:653} WARNING - No viable dags retrieved from /home/eugenio/Documents/curso/venv/lib/python3.9/site-packages/airflow/example_dags/subdags/subdag.py
[2023-07-17 10:12:18,975] {processor.py:161} INFO - Processing /home/eugenio/Documents/curso/venv/lib/python3.9/site-packages/airflow/example_dags/subdags/subdag.py took 0.014 seconds
[2023-07-17 10:12:50,845] {processor.py:153} INFO - Started process (PID=14772) to work on /home/eugenio/Documents/curso/venv/lib/python3.9/site-packages/airflow/example_dags/subdags/subdag.py
[2023-07-17 10:12:50,846] {processor.py:641} INFO - Processing file /home/eugenio/Documents/curso/venv/lib/python3.9/site-packages/airflow/example_dags/subdags/subdag.py for tasks to queue
[2023-07-17 10:12:50,847] {logging_mixin.py:115} INFO - [2023-07-17 10:12:50,846] {dagbag.py:507} INFO - Filling up the DagBag from /home/eugenio/Documents/curso/venv/lib/python3.9/site-packages/airflow/example_dags/subdags/subdag.py
[2023-07-17 10:12:50,848] {processor.py:653} WARNING - No viable dags retrieved from /home/eugenio/Documents/curso/venv/lib/python3.9/site-packages/airflow/example_dags/subdags/subdag.py
[2023-07-17 10:12:50,858] {processor.py:161} INFO - Processing /home/eugenio/Documents/curso/venv/lib/python3.9/site-packages/airflow/example_dags/subdags/subdag.py took 0.016 seconds
[2023-07-17 10:13:24,552] {processor.py:153} INFO - Started process (PID=14975) to work on /home/eugenio/Documents/curso/venv/lib/python3.9/site-packages/airflow/example_dags/subdags/subdag.py
[2023-07-17 10:13:24,554] {processor.py:641} INFO - Processing file /home/eugenio/Documents/curso/venv/lib/python3.9/site-packages/airflow/example_dags/subdags/subdag.py for tasks to queue
[2023-07-17 10:13:24,555] {logging_mixin.py:115} INFO - [2023-07-17 10:13:24,554] {dagbag.py:507} INFO - Filling up the DagBag from /home/eugenio/Documents/curso/venv/lib/python3.9/site-packages/airflow/example_dags/subdags/subdag.py
[2023-07-17 10:13:24,556] {processor.py:653} WARNING - No viable dags retrieved from /home/eugenio/Documents/curso/venv/lib/python3.9/site-packages/airflow/example_dags/subdags/subdag.py
[2023-07-17 10:13:24,571] {processor.py:161} INFO - Processing /home/eugenio/Documents/curso/venv/lib/python3.9/site-packages/airflow/example_dags/subdags/subdag.py took 0.023 seconds
[2023-07-17 10:13:59,355] {processor.py:153} INFO - Started process (PID=15295) to work on /home/eugenio/Documents/curso/venv/lib/python3.9/site-packages/airflow/example_dags/subdags/subdag.py
[2023-07-17 10:13:59,356] {processor.py:641} INFO - Processing file /home/eugenio/Documents/curso/venv/lib/python3.9/site-packages/airflow/example_dags/subdags/subdag.py for tasks to queue
[2023-07-17 10:13:59,357] {logging_mixin.py:115} INFO - [2023-07-17 10:13:59,356] {dagbag.py:507} INFO - Filling up the DagBag from /home/eugenio/Documents/curso/venv/lib/python3.9/site-packages/airflow/example_dags/subdags/subdag.py
[2023-07-17 10:13:59,360] {processor.py:653} WARNING - No viable dags retrieved from /home/eugenio/Documents/curso/venv/lib/python3.9/site-packages/airflow/example_dags/subdags/subdag.py
[2023-07-17 10:13:59,372] {processor.py:161} INFO - Processing /home/eugenio/Documents/curso/venv/lib/python3.9/site-packages/airflow/example_dags/subdags/subdag.py took 0.019 seconds
[2023-07-17 10:14:32,479] {processor.py:153} INFO - Started process (PID=15470) to work on /home/eugenio/Documents/curso/venv/lib/python3.9/site-packages/airflow/example_dags/subdags/subdag.py
[2023-07-17 10:14:32,480] {processor.py:641} INFO - Processing file /home/eugenio/Documents/curso/venv/lib/python3.9/site-packages/airflow/example_dags/subdags/subdag.py for tasks to queue
[2023-07-17 10:14:32,481] {logging_mixin.py:115} INFO - [2023-07-17 10:14:32,481] {dagbag.py:507} INFO - Filling up the DagBag from /home/eugenio/Documents/curso/venv/lib/python3.9/site-packages/airflow/example_dags/subdags/subdag.py
[2023-07-17 10:14:32,483] {processor.py:653} WARNING - No viable dags retrieved from /home/eugenio/Documents/curso/venv/lib/python3.9/site-packages/airflow/example_dags/subdags/subdag.py
[2023-07-17 10:14:32,504] {processor.py:161} INFO - Processing /home/eugenio/Documents/curso/venv/lib/python3.9/site-packages/airflow/example_dags/subdags/subdag.py took 0.028 seconds
[2023-07-17 10:15:06,888] {processor.py:153} INFO - Started process (PID=15654) to work on /home/eugenio/Documents/curso/venv/lib/python3.9/site-packages/airflow/example_dags/subdags/subdag.py
[2023-07-17 10:15:06,889] {processor.py:641} INFO - Processing file /home/eugenio/Documents/curso/venv/lib/python3.9/site-packages/airflow/example_dags/subdags/subdag.py for tasks to queue
[2023-07-17 10:15:06,890] {logging_mixin.py:115} INFO - [2023-07-17 10:15:06,889] {dagbag.py:507} INFO - Filling up the DagBag from /home/eugenio/Documents/curso/venv/lib/python3.9/site-packages/airflow/example_dags/subdags/subdag.py
[2023-07-17 10:15:06,891] {processor.py:653} WARNING - No viable dags retrieved from /home/eugenio/Documents/curso/venv/lib/python3.9/site-packages/airflow/example_dags/subdags/subdag.py
[2023-07-17 10:15:06,904] {processor.py:161} INFO - Processing /home/eugenio/Documents/curso/venv/lib/python3.9/site-packages/airflow/example_dags/subdags/subdag.py took 0.018 seconds
[2023-07-17 10:15:41,361] {processor.py:153} INFO - Started process (PID=15923) to work on /home/eugenio/Documents/curso/venv/lib/python3.9/site-packages/airflow/example_dags/subdags/subdag.py
[2023-07-17 10:15:41,362] {processor.py:641} INFO - Processing file /home/eugenio/Documents/curso/venv/lib/python3.9/site-packages/airflow/example_dags/subdags/subdag.py for tasks to queue
[2023-07-17 10:15:41,362] {logging_mixin.py:115} INFO - [2023-07-17 10:15:41,362] {dagbag.py:507} INFO - Filling up the DagBag from /home/eugenio/Documents/curso/venv/lib/python3.9/site-packages/airflow/example_dags/subdags/subdag.py
[2023-07-17 10:15:41,363] {processor.py:653} WARNING - No viable dags retrieved from /home/eugenio/Documents/curso/venv/lib/python3.9/site-packages/airflow/example_dags/subdags/subdag.py
[2023-07-17 10:15:41,371] {processor.py:161} INFO - Processing /home/eugenio/Documents/curso/venv/lib/python3.9/site-packages/airflow/example_dags/subdags/subdag.py took 0.013 seconds
[2023-07-17 10:16:11,518] {processor.py:153} INFO - Started process (PID=16071) to work on /home/eugenio/Documents/curso/venv/lib/python3.9/site-packages/airflow/example_dags/subdags/subdag.py
[2023-07-17 10:16:11,520] {processor.py:641} INFO - Processing file /home/eugenio/Documents/curso/venv/lib/python3.9/site-packages/airflow/example_dags/subdags/subdag.py for tasks to queue
[2023-07-17 10:16:11,520] {logging_mixin.py:115} INFO - [2023-07-17 10:16:11,520] {dagbag.py:507} INFO - Filling up the DagBag from /home/eugenio/Documents/curso/venv/lib/python3.9/site-packages/airflow/example_dags/subdags/subdag.py
[2023-07-17 10:16:11,521] {processor.py:653} WARNING - No viable dags retrieved from /home/eugenio/Documents/curso/venv/lib/python3.9/site-packages/airflow/example_dags/subdags/subdag.py
[2023-07-17 10:16:11,530] {processor.py:161} INFO - Processing /home/eugenio/Documents/curso/venv/lib/python3.9/site-packages/airflow/example_dags/subdags/subdag.py took 0.014 seconds
[2023-07-17 10:16:45,240] {processor.py:153} INFO - Started process (PID=16337) to work on /home/eugenio/Documents/curso/venv/lib/python3.9/site-packages/airflow/example_dags/subdags/subdag.py
[2023-07-17 10:16:45,241] {processor.py:641} INFO - Processing file /home/eugenio/Documents/curso/venv/lib/python3.9/site-packages/airflow/example_dags/subdags/subdag.py for tasks to queue
[2023-07-17 10:16:45,243] {logging_mixin.py:115} INFO - [2023-07-17 10:16:45,242] {dagbag.py:507} INFO - Filling up the DagBag from /home/eugenio/Documents/curso/venv/lib/python3.9/site-packages/airflow/example_dags/subdags/subdag.py
[2023-07-17 10:16:45,244] {processor.py:653} WARNING - No viable dags retrieved from /home/eugenio/Documents/curso/venv/lib/python3.9/site-packages/airflow/example_dags/subdags/subdag.py
[2023-07-17 10:16:45,261] {processor.py:161} INFO - Processing /home/eugenio/Documents/curso/venv/lib/python3.9/site-packages/airflow/example_dags/subdags/subdag.py took 0.024 seconds
[2023-07-17 10:17:20,362] {processor.py:153} INFO - Started process (PID=16803) to work on /home/eugenio/Documents/curso/venv/lib/python3.9/site-packages/airflow/example_dags/subdags/subdag.py
[2023-07-17 10:17:20,363] {processor.py:641} INFO - Processing file /home/eugenio/Documents/curso/venv/lib/python3.9/site-packages/airflow/example_dags/subdags/subdag.py for tasks to queue
[2023-07-17 10:17:20,364] {logging_mixin.py:115} INFO - [2023-07-17 10:17:20,364] {dagbag.py:507} INFO - Filling up the DagBag from /home/eugenio/Documents/curso/venv/lib/python3.9/site-packages/airflow/example_dags/subdags/subdag.py
[2023-07-17 10:17:20,365] {processor.py:653} WARNING - No viable dags retrieved from /home/eugenio/Documents/curso/venv/lib/python3.9/site-packages/airflow/example_dags/subdags/subdag.py
[2023-07-17 10:17:20,413] {processor.py:161} INFO - Processing /home/eugenio/Documents/curso/venv/lib/python3.9/site-packages/airflow/example_dags/subdags/subdag.py took 0.064 seconds
[2023-07-17 10:17:56,822] {processor.py:153} INFO - Started process (PID=17038) to work on /home/eugenio/Documents/curso/venv/lib/python3.9/site-packages/airflow/example_dags/subdags/subdag.py
[2023-07-17 10:17:56,823] {processor.py:641} INFO - Processing file /home/eugenio/Documents/curso/venv/lib/python3.9/site-packages/airflow/example_dags/subdags/subdag.py for tasks to queue
[2023-07-17 10:17:56,824] {logging_mixin.py:115} INFO - [2023-07-17 10:17:56,824] {dagbag.py:507} INFO - Filling up the DagBag from /home/eugenio/Documents/curso/venv/lib/python3.9/site-packages/airflow/example_dags/subdags/subdag.py
[2023-07-17 10:17:56,833] {processor.py:653} WARNING - No viable dags retrieved from /home/eugenio/Documents/curso/venv/lib/python3.9/site-packages/airflow/example_dags/subdags/subdag.py
[2023-07-17 10:17:56,843] {processor.py:161} INFO - Processing /home/eugenio/Documents/curso/venv/lib/python3.9/site-packages/airflow/example_dags/subdags/subdag.py took 0.024 seconds
[2023-07-17 10:18:27,359] {processor.py:153} INFO - Started process (PID=17269) to work on /home/eugenio/Documents/curso/venv/lib/python3.9/site-packages/airflow/example_dags/subdags/subdag.py
[2023-07-17 10:18:27,361] {processor.py:641} INFO - Processing file /home/eugenio/Documents/curso/venv/lib/python3.9/site-packages/airflow/example_dags/subdags/subdag.py for tasks to queue
[2023-07-17 10:18:27,361] {logging_mixin.py:115} INFO - [2023-07-17 10:18:27,361] {dagbag.py:507} INFO - Filling up the DagBag from /home/eugenio/Documents/curso/venv/lib/python3.9/site-packages/airflow/example_dags/subdags/subdag.py
[2023-07-17 10:18:27,363] {processor.py:653} WARNING - No viable dags retrieved from /home/eugenio/Documents/curso/venv/lib/python3.9/site-packages/airflow/example_dags/subdags/subdag.py
[2023-07-17 10:18:27,374] {processor.py:161} INFO - Processing /home/eugenio/Documents/curso/venv/lib/python3.9/site-packages/airflow/example_dags/subdags/subdag.py took 0.018 seconds
[2023-07-17 10:18:58,420] {processor.py:153} INFO - Started process (PID=17524) to work on /home/eugenio/Documents/curso/venv/lib/python3.9/site-packages/airflow/example_dags/subdags/subdag.py
[2023-07-17 10:18:58,421] {processor.py:641} INFO - Processing file /home/eugenio/Documents/curso/venv/lib/python3.9/site-packages/airflow/example_dags/subdags/subdag.py for tasks to queue
[2023-07-17 10:18:58,422] {logging_mixin.py:115} INFO - [2023-07-17 10:18:58,422] {dagbag.py:507} INFO - Filling up the DagBag from /home/eugenio/Documents/curso/venv/lib/python3.9/site-packages/airflow/example_dags/subdags/subdag.py
[2023-07-17 10:18:58,423] {processor.py:653} WARNING - No viable dags retrieved from /home/eugenio/Documents/curso/venv/lib/python3.9/site-packages/airflow/example_dags/subdags/subdag.py
[2023-07-17 10:18:58,432] {processor.py:161} INFO - Processing /home/eugenio/Documents/curso/venv/lib/python3.9/site-packages/airflow/example_dags/subdags/subdag.py took 0.015 seconds
[2023-07-17 10:19:30,734] {processor.py:153} INFO - Started process (PID=17699) to work on /home/eugenio/Documents/curso/venv/lib/python3.9/site-packages/airflow/example_dags/subdags/subdag.py
[2023-07-17 10:19:30,735] {processor.py:641} INFO - Processing file /home/eugenio/Documents/curso/venv/lib/python3.9/site-packages/airflow/example_dags/subdags/subdag.py for tasks to queue
[2023-07-17 10:19:30,735] {logging_mixin.py:115} INFO - [2023-07-17 10:19:30,735] {dagbag.py:507} INFO - Filling up the DagBag from /home/eugenio/Documents/curso/venv/lib/python3.9/site-packages/airflow/example_dags/subdags/subdag.py
[2023-07-17 10:19:30,736] {processor.py:653} WARNING - No viable dags retrieved from /home/eugenio/Documents/curso/venv/lib/python3.9/site-packages/airflow/example_dags/subdags/subdag.py
[2023-07-17 10:19:30,747] {processor.py:161} INFO - Processing /home/eugenio/Documents/curso/venv/lib/python3.9/site-packages/airflow/example_dags/subdags/subdag.py took 0.016 seconds
[2023-07-17 10:20:02,194] {processor.py:153} INFO - Started process (PID=17857) to work on /home/eugenio/Documents/curso/venv/lib/python3.9/site-packages/airflow/example_dags/subdags/subdag.py
[2023-07-17 10:20:02,195] {processor.py:641} INFO - Processing file /home/eugenio/Documents/curso/venv/lib/python3.9/site-packages/airflow/example_dags/subdags/subdag.py for tasks to queue
[2023-07-17 10:20:02,195] {logging_mixin.py:115} INFO - [2023-07-17 10:20:02,195] {dagbag.py:507} INFO - Filling up the DagBag from /home/eugenio/Documents/curso/venv/lib/python3.9/site-packages/airflow/example_dags/subdags/subdag.py
[2023-07-17 10:20:02,196] {processor.py:653} WARNING - No viable dags retrieved from /home/eugenio/Documents/curso/venv/lib/python3.9/site-packages/airflow/example_dags/subdags/subdag.py
[2023-07-17 10:20:02,207] {processor.py:161} INFO - Processing /home/eugenio/Documents/curso/venv/lib/python3.9/site-packages/airflow/example_dags/subdags/subdag.py took 0.016 seconds
[2023-07-17 10:20:37,113] {processor.py:153} INFO - Started process (PID=18034) to work on /home/eugenio/Documents/curso/venv/lib/python3.9/site-packages/airflow/example_dags/subdags/subdag.py
[2023-07-17 10:20:37,114] {processor.py:641} INFO - Processing file /home/eugenio/Documents/curso/venv/lib/python3.9/site-packages/airflow/example_dags/subdags/subdag.py for tasks to queue
[2023-07-17 10:20:37,114] {logging_mixin.py:115} INFO - [2023-07-17 10:20:37,114] {dagbag.py:507} INFO - Filling up the DagBag from /home/eugenio/Documents/curso/venv/lib/python3.9/site-packages/airflow/example_dags/subdags/subdag.py
[2023-07-17 10:20:37,115] {processor.py:653} WARNING - No viable dags retrieved from /home/eugenio/Documents/curso/venv/lib/python3.9/site-packages/airflow/example_dags/subdags/subdag.py
[2023-07-17 10:20:37,129] {processor.py:161} INFO - Processing /home/eugenio/Documents/curso/venv/lib/python3.9/site-packages/airflow/example_dags/subdags/subdag.py took 0.019 seconds
[2023-07-17 10:21:09,068] {processor.py:153} INFO - Started process (PID=18196) to work on /home/eugenio/Documents/curso/venv/lib/python3.9/site-packages/airflow/example_dags/subdags/subdag.py
[2023-07-17 10:21:09,070] {processor.py:641} INFO - Processing file /home/eugenio/Documents/curso/venv/lib/python3.9/site-packages/airflow/example_dags/subdags/subdag.py for tasks to queue
[2023-07-17 10:21:09,070] {logging_mixin.py:115} INFO - [2023-07-17 10:21:09,070] {dagbag.py:507} INFO - Filling up the DagBag from /home/eugenio/Documents/curso/venv/lib/python3.9/site-packages/airflow/example_dags/subdags/subdag.py
[2023-07-17 10:21:09,072] {processor.py:653} WARNING - No viable dags retrieved from /home/eugenio/Documents/curso/venv/lib/python3.9/site-packages/airflow/example_dags/subdags/subdag.py
[2023-07-17 10:21:09,082] {processor.py:161} INFO - Processing /home/eugenio/Documents/curso/venv/lib/python3.9/site-packages/airflow/example_dags/subdags/subdag.py took 0.016 seconds
[2023-07-17 10:21:42,955] {processor.py:153} INFO - Started process (PID=19033) to work on /home/eugenio/Documents/curso/venv/lib/python3.9/site-packages/airflow/example_dags/subdags/subdag.py
[2023-07-17 10:21:42,956] {processor.py:641} INFO - Processing file /home/eugenio/Documents/curso/venv/lib/python3.9/site-packages/airflow/example_dags/subdags/subdag.py for tasks to queue
[2023-07-17 10:21:42,956] {logging_mixin.py:115} INFO - [2023-07-17 10:21:42,956] {dagbag.py:507} INFO - Filling up the DagBag from /home/eugenio/Documents/curso/venv/lib/python3.9/site-packages/airflow/example_dags/subdags/subdag.py
[2023-07-17 10:21:42,958] {processor.py:653} WARNING - No viable dags retrieved from /home/eugenio/Documents/curso/venv/lib/python3.9/site-packages/airflow/example_dags/subdags/subdag.py
[2023-07-17 10:21:42,970] {processor.py:161} INFO - Processing /home/eugenio/Documents/curso/venv/lib/python3.9/site-packages/airflow/example_dags/subdags/subdag.py took 0.018 seconds
[2023-07-17 10:22:16,067] {processor.py:153} INFO - Started process (PID=19200) to work on /home/eugenio/Documents/curso/venv/lib/python3.9/site-packages/airflow/example_dags/subdags/subdag.py
[2023-07-17 10:22:16,067] {processor.py:641} INFO - Processing file /home/eugenio/Documents/curso/venv/lib/python3.9/site-packages/airflow/example_dags/subdags/subdag.py for tasks to queue
[2023-07-17 10:22:16,068] {logging_mixin.py:115} INFO - [2023-07-17 10:22:16,068] {dagbag.py:507} INFO - Filling up the DagBag from /home/eugenio/Documents/curso/venv/lib/python3.9/site-packages/airflow/example_dags/subdags/subdag.py
[2023-07-17 10:22:16,070] {processor.py:653} WARNING - No viable dags retrieved from /home/eugenio/Documents/curso/venv/lib/python3.9/site-packages/airflow/example_dags/subdags/subdag.py
[2023-07-17 10:22:16,080] {processor.py:161} INFO - Processing /home/eugenio/Documents/curso/venv/lib/python3.9/site-packages/airflow/example_dags/subdags/subdag.py took 0.015 seconds
[2023-07-17 10:22:49,647] {processor.py:153} INFO - Started process (PID=19436) to work on /home/eugenio/Documents/curso/venv/lib/python3.9/site-packages/airflow/example_dags/subdags/subdag.py
[2023-07-17 10:22:49,648] {processor.py:641} INFO - Processing file /home/eugenio/Documents/curso/venv/lib/python3.9/site-packages/airflow/example_dags/subdags/subdag.py for tasks to queue
[2023-07-17 10:22:49,649] {logging_mixin.py:115} INFO - [2023-07-17 10:22:49,648] {dagbag.py:507} INFO - Filling up the DagBag from /home/eugenio/Documents/curso/venv/lib/python3.9/site-packages/airflow/example_dags/subdags/subdag.py
[2023-07-17 10:22:49,650] {processor.py:653} WARNING - No viable dags retrieved from /home/eugenio/Documents/curso/venv/lib/python3.9/site-packages/airflow/example_dags/subdags/subdag.py
[2023-07-17 10:22:49,658] {processor.py:161} INFO - Processing /home/eugenio/Documents/curso/venv/lib/python3.9/site-packages/airflow/example_dags/subdags/subdag.py took 0.013 seconds
[2023-07-17 10:23:23,727] {processor.py:153} INFO - Started process (PID=19615) to work on /home/eugenio/Documents/curso/venv/lib/python3.9/site-packages/airflow/example_dags/subdags/subdag.py
[2023-07-17 10:23:23,728] {processor.py:641} INFO - Processing file /home/eugenio/Documents/curso/venv/lib/python3.9/site-packages/airflow/example_dags/subdags/subdag.py for tasks to queue
[2023-07-17 10:23:23,729] {logging_mixin.py:115} INFO - [2023-07-17 10:23:23,729] {dagbag.py:507} INFO - Filling up the DagBag from /home/eugenio/Documents/curso/venv/lib/python3.9/site-packages/airflow/example_dags/subdags/subdag.py
[2023-07-17 10:23:23,730] {processor.py:653} WARNING - No viable dags retrieved from /home/eugenio/Documents/curso/venv/lib/python3.9/site-packages/airflow/example_dags/subdags/subdag.py
[2023-07-17 10:23:23,738] {processor.py:161} INFO - Processing /home/eugenio/Documents/curso/venv/lib/python3.9/site-packages/airflow/example_dags/subdags/subdag.py took 0.013 seconds
[2023-07-17 10:23:56,372] {processor.py:153} INFO - Started process (PID=19779) to work on /home/eugenio/Documents/curso/venv/lib/python3.9/site-packages/airflow/example_dags/subdags/subdag.py
[2023-07-17 10:23:56,373] {processor.py:641} INFO - Processing file /home/eugenio/Documents/curso/venv/lib/python3.9/site-packages/airflow/example_dags/subdags/subdag.py for tasks to queue
[2023-07-17 10:23:56,374] {logging_mixin.py:115} INFO - [2023-07-17 10:23:56,374] {dagbag.py:507} INFO - Filling up the DagBag from /home/eugenio/Documents/curso/venv/lib/python3.9/site-packages/airflow/example_dags/subdags/subdag.py
[2023-07-17 10:23:56,375] {processor.py:653} WARNING - No viable dags retrieved from /home/eugenio/Documents/curso/venv/lib/python3.9/site-packages/airflow/example_dags/subdags/subdag.py
[2023-07-17 10:23:56,385] {processor.py:161} INFO - Processing /home/eugenio/Documents/curso/venv/lib/python3.9/site-packages/airflow/example_dags/subdags/subdag.py took 0.015 seconds
[2023-07-17 10:24:27,175] {processor.py:153} INFO - Started process (PID=19941) to work on /home/eugenio/Documents/curso/venv/lib/python3.9/site-packages/airflow/example_dags/subdags/subdag.py
[2023-07-17 10:24:27,176] {processor.py:641} INFO - Processing file /home/eugenio/Documents/curso/venv/lib/python3.9/site-packages/airflow/example_dags/subdags/subdag.py for tasks to queue
[2023-07-17 10:24:27,176] {logging_mixin.py:115} INFO - [2023-07-17 10:24:27,176] {dagbag.py:507} INFO - Filling up the DagBag from /home/eugenio/Documents/curso/venv/lib/python3.9/site-packages/airflow/example_dags/subdags/subdag.py
[2023-07-17 10:24:27,177] {processor.py:653} WARNING - No viable dags retrieved from /home/eugenio/Documents/curso/venv/lib/python3.9/site-packages/airflow/example_dags/subdags/subdag.py
[2023-07-17 10:24:27,186] {processor.py:161} INFO - Processing /home/eugenio/Documents/curso/venv/lib/python3.9/site-packages/airflow/example_dags/subdags/subdag.py took 0.013 seconds
[2023-07-17 10:25:01,264] {processor.py:153} INFO - Started process (PID=20111) to work on /home/eugenio/Documents/curso/venv/lib/python3.9/site-packages/airflow/example_dags/subdags/subdag.py
[2023-07-17 10:25:01,265] {processor.py:641} INFO - Processing file /home/eugenio/Documents/curso/venv/lib/python3.9/site-packages/airflow/example_dags/subdags/subdag.py for tasks to queue
[2023-07-17 10:25:01,266] {logging_mixin.py:115} INFO - [2023-07-17 10:25:01,266] {dagbag.py:507} INFO - Filling up the DagBag from /home/eugenio/Documents/curso/venv/lib/python3.9/site-packages/airflow/example_dags/subdags/subdag.py
[2023-07-17 10:25:01,267] {processor.py:653} WARNING - No viable dags retrieved from /home/eugenio/Documents/curso/venv/lib/python3.9/site-packages/airflow/example_dags/subdags/subdag.py
[2023-07-17 10:25:01,275] {processor.py:161} INFO - Processing /home/eugenio/Documents/curso/venv/lib/python3.9/site-packages/airflow/example_dags/subdags/subdag.py took 0.013 seconds
[2023-07-17 10:25:33,790] {processor.py:153} INFO - Started process (PID=20275) to work on /home/eugenio/Documents/curso/venv/lib/python3.9/site-packages/airflow/example_dags/subdags/subdag.py
[2023-07-17 10:25:33,791] {processor.py:641} INFO - Processing file /home/eugenio/Documents/curso/venv/lib/python3.9/site-packages/airflow/example_dags/subdags/subdag.py for tasks to queue
[2023-07-17 10:25:33,791] {logging_mixin.py:115} INFO - [2023-07-17 10:25:33,791] {dagbag.py:507} INFO - Filling up the DagBag from /home/eugenio/Documents/curso/venv/lib/python3.9/site-packages/airflow/example_dags/subdags/subdag.py
[2023-07-17 10:25:33,792] {processor.py:653} WARNING - No viable dags retrieved from /home/eugenio/Documents/curso/venv/lib/python3.9/site-packages/airflow/example_dags/subdags/subdag.py
[2023-07-17 10:25:33,801] {processor.py:161} INFO - Processing /home/eugenio/Documents/curso/venv/lib/python3.9/site-packages/airflow/example_dags/subdags/subdag.py took 0.013 seconds
[2023-07-17 10:26:07,986] {processor.py:153} INFO - Started process (PID=20449) to work on /home/eugenio/Documents/curso/venv/lib/python3.9/site-packages/airflow/example_dags/subdags/subdag.py
[2023-07-17 10:26:07,987] {processor.py:641} INFO - Processing file /home/eugenio/Documents/curso/venv/lib/python3.9/site-packages/airflow/example_dags/subdags/subdag.py for tasks to queue
[2023-07-17 10:26:07,987] {logging_mixin.py:115} INFO - [2023-07-17 10:26:07,987] {dagbag.py:507} INFO - Filling up the DagBag from /home/eugenio/Documents/curso/venv/lib/python3.9/site-packages/airflow/example_dags/subdags/subdag.py
[2023-07-17 10:26:07,989] {processor.py:653} WARNING - No viable dags retrieved from /home/eugenio/Documents/curso/venv/lib/python3.9/site-packages/airflow/example_dags/subdags/subdag.py
[2023-07-17 10:26:07,998] {processor.py:161} INFO - Processing /home/eugenio/Documents/curso/venv/lib/python3.9/site-packages/airflow/example_dags/subdags/subdag.py took 0.015 seconds
[2023-07-17 10:26:41,758] {processor.py:153} INFO - Started process (PID=20623) to work on /home/eugenio/Documents/curso/venv/lib/python3.9/site-packages/airflow/example_dags/subdags/subdag.py
[2023-07-17 10:26:41,759] {processor.py:641} INFO - Processing file /home/eugenio/Documents/curso/venv/lib/python3.9/site-packages/airflow/example_dags/subdags/subdag.py for tasks to queue
[2023-07-17 10:26:41,759] {logging_mixin.py:115} INFO - [2023-07-17 10:26:41,759] {dagbag.py:507} INFO - Filling up the DagBag from /home/eugenio/Documents/curso/venv/lib/python3.9/site-packages/airflow/example_dags/subdags/subdag.py
[2023-07-17 10:26:41,760] {processor.py:653} WARNING - No viable dags retrieved from /home/eugenio/Documents/curso/venv/lib/python3.9/site-packages/airflow/example_dags/subdags/subdag.py
[2023-07-17 10:26:41,770] {processor.py:161} INFO - Processing /home/eugenio/Documents/curso/venv/lib/python3.9/site-packages/airflow/example_dags/subdags/subdag.py took 0.014 seconds
[2023-07-17 10:27:14,852] {processor.py:153} INFO - Started process (PID=20792) to work on /home/eugenio/Documents/curso/venv/lib/python3.9/site-packages/airflow/example_dags/subdags/subdag.py
[2023-07-17 10:27:14,853] {processor.py:641} INFO - Processing file /home/eugenio/Documents/curso/venv/lib/python3.9/site-packages/airflow/example_dags/subdags/subdag.py for tasks to queue
[2023-07-17 10:27:14,854] {logging_mixin.py:115} INFO - [2023-07-17 10:27:14,854] {dagbag.py:507} INFO - Filling up the DagBag from /home/eugenio/Documents/curso/venv/lib/python3.9/site-packages/airflow/example_dags/subdags/subdag.py
[2023-07-17 10:27:14,855] {processor.py:653} WARNING - No viable dags retrieved from /home/eugenio/Documents/curso/venv/lib/python3.9/site-packages/airflow/example_dags/subdags/subdag.py
[2023-07-17 10:27:14,864] {processor.py:161} INFO - Processing /home/eugenio/Documents/curso/venv/lib/python3.9/site-packages/airflow/example_dags/subdags/subdag.py took 0.014 seconds
[2023-07-17 10:27:46,803] {processor.py:153} INFO - Started process (PID=21014) to work on /home/eugenio/Documents/curso/venv/lib/python3.9/site-packages/airflow/example_dags/subdags/subdag.py
[2023-07-17 10:27:46,804] {processor.py:641} INFO - Processing file /home/eugenio/Documents/curso/venv/lib/python3.9/site-packages/airflow/example_dags/subdags/subdag.py for tasks to queue
[2023-07-17 10:27:46,804] {logging_mixin.py:115} INFO - [2023-07-17 10:27:46,804] {dagbag.py:507} INFO - Filling up the DagBag from /home/eugenio/Documents/curso/venv/lib/python3.9/site-packages/airflow/example_dags/subdags/subdag.py
[2023-07-17 10:27:46,805] {processor.py:653} WARNING - No viable dags retrieved from /home/eugenio/Documents/curso/venv/lib/python3.9/site-packages/airflow/example_dags/subdags/subdag.py
[2023-07-17 10:27:46,813] {processor.py:161} INFO - Processing /home/eugenio/Documents/curso/venv/lib/python3.9/site-packages/airflow/example_dags/subdags/subdag.py took 0.012 seconds
[2023-07-17 10:28:18,210] {processor.py:153} INFO - Started process (PID=21189) to work on /home/eugenio/Documents/curso/venv/lib/python3.9/site-packages/airflow/example_dags/subdags/subdag.py
[2023-07-17 10:28:18,211] {processor.py:641} INFO - Processing file /home/eugenio/Documents/curso/venv/lib/python3.9/site-packages/airflow/example_dags/subdags/subdag.py for tasks to queue
[2023-07-17 10:28:18,211] {logging_mixin.py:115} INFO - [2023-07-17 10:28:18,211] {dagbag.py:507} INFO - Filling up the DagBag from /home/eugenio/Documents/curso/venv/lib/python3.9/site-packages/airflow/example_dags/subdags/subdag.py
[2023-07-17 10:28:18,212] {processor.py:653} WARNING - No viable dags retrieved from /home/eugenio/Documents/curso/venv/lib/python3.9/site-packages/airflow/example_dags/subdags/subdag.py
[2023-07-17 10:28:18,221] {processor.py:161} INFO - Processing /home/eugenio/Documents/curso/venv/lib/python3.9/site-packages/airflow/example_dags/subdags/subdag.py took 0.013 seconds
[2023-07-17 10:28:53,509] {processor.py:153} INFO - Started process (PID=21368) to work on /home/eugenio/Documents/curso/venv/lib/python3.9/site-packages/airflow/example_dags/subdags/subdag.py
[2023-07-17 10:28:53,510] {processor.py:641} INFO - Processing file /home/eugenio/Documents/curso/venv/lib/python3.9/site-packages/airflow/example_dags/subdags/subdag.py for tasks to queue
[2023-07-17 10:28:53,510] {logging_mixin.py:115} INFO - [2023-07-17 10:28:53,510] {dagbag.py:507} INFO - Filling up the DagBag from /home/eugenio/Documents/curso/venv/lib/python3.9/site-packages/airflow/example_dags/subdags/subdag.py
[2023-07-17 10:28:53,512] {processor.py:653} WARNING - No viable dags retrieved from /home/eugenio/Documents/curso/venv/lib/python3.9/site-packages/airflow/example_dags/subdags/subdag.py
[2023-07-17 10:28:53,520] {processor.py:161} INFO - Processing /home/eugenio/Documents/curso/venv/lib/python3.9/site-packages/airflow/example_dags/subdags/subdag.py took 0.013 seconds
[2023-07-17 10:29:26,074] {processor.py:153} INFO - Started process (PID=21548) to work on /home/eugenio/Documents/curso/venv/lib/python3.9/site-packages/airflow/example_dags/subdags/subdag.py
[2023-07-17 10:29:26,074] {processor.py:641} INFO - Processing file /home/eugenio/Documents/curso/venv/lib/python3.9/site-packages/airflow/example_dags/subdags/subdag.py for tasks to queue
[2023-07-17 10:29:26,075] {logging_mixin.py:115} INFO - [2023-07-17 10:29:26,075] {dagbag.py:507} INFO - Filling up the DagBag from /home/eugenio/Documents/curso/venv/lib/python3.9/site-packages/airflow/example_dags/subdags/subdag.py
[2023-07-17 10:29:26,076] {processor.py:653} WARNING - No viable dags retrieved from /home/eugenio/Documents/curso/venv/lib/python3.9/site-packages/airflow/example_dags/subdags/subdag.py
[2023-07-17 10:29:26,084] {processor.py:161} INFO - Processing /home/eugenio/Documents/curso/venv/lib/python3.9/site-packages/airflow/example_dags/subdags/subdag.py took 0.013 seconds
[2023-07-17 10:29:59,965] {processor.py:153} INFO - Started process (PID=21742) to work on /home/eugenio/Documents/curso/venv/lib/python3.9/site-packages/airflow/example_dags/subdags/subdag.py
[2023-07-17 10:29:59,968] {processor.py:641} INFO - Processing file /home/eugenio/Documents/curso/venv/lib/python3.9/site-packages/airflow/example_dags/subdags/subdag.py for tasks to queue
[2023-07-17 10:29:59,969] {logging_mixin.py:115} INFO - [2023-07-17 10:29:59,969] {dagbag.py:507} INFO - Filling up the DagBag from /home/eugenio/Documents/curso/venv/lib/python3.9/site-packages/airflow/example_dags/subdags/subdag.py
[2023-07-17 10:29:59,971] {processor.py:653} WARNING - No viable dags retrieved from /home/eugenio/Documents/curso/venv/lib/python3.9/site-packages/airflow/example_dags/subdags/subdag.py
[2023-07-17 10:29:59,982] {processor.py:161} INFO - Processing /home/eugenio/Documents/curso/venv/lib/python3.9/site-packages/airflow/example_dags/subdags/subdag.py took 0.019 seconds
[2023-07-17 10:30:32,952] {processor.py:153} INFO - Started process (PID=21975) to work on /home/eugenio/Documents/curso/venv/lib/python3.9/site-packages/airflow/example_dags/subdags/subdag.py
[2023-07-17 10:30:32,953] {processor.py:641} INFO - Processing file /home/eugenio/Documents/curso/venv/lib/python3.9/site-packages/airflow/example_dags/subdags/subdag.py for tasks to queue
[2023-07-17 10:30:32,954] {logging_mixin.py:115} INFO - [2023-07-17 10:30:32,954] {dagbag.py:507} INFO - Filling up the DagBag from /home/eugenio/Documents/curso/venv/lib/python3.9/site-packages/airflow/example_dags/subdags/subdag.py
[2023-07-17 10:30:32,955] {processor.py:653} WARNING - No viable dags retrieved from /home/eugenio/Documents/curso/venv/lib/python3.9/site-packages/airflow/example_dags/subdags/subdag.py
[2023-07-17 10:30:32,964] {processor.py:161} INFO - Processing /home/eugenio/Documents/curso/venv/lib/python3.9/site-packages/airflow/example_dags/subdags/subdag.py took 0.014 seconds
[2023-07-17 10:31:10,611] {processor.py:153} INFO - Started process (PID=22162) to work on /home/eugenio/Documents/curso/venv/lib/python3.9/site-packages/airflow/example_dags/subdags/subdag.py
[2023-07-17 10:31:10,612] {processor.py:641} INFO - Processing file /home/eugenio/Documents/curso/venv/lib/python3.9/site-packages/airflow/example_dags/subdags/subdag.py for tasks to queue
[2023-07-17 10:31:10,613] {logging_mixin.py:115} INFO - [2023-07-17 10:31:10,613] {dagbag.py:507} INFO - Filling up the DagBag from /home/eugenio/Documents/curso/venv/lib/python3.9/site-packages/airflow/example_dags/subdags/subdag.py
[2023-07-17 10:31:10,614] {processor.py:653} WARNING - No viable dags retrieved from /home/eugenio/Documents/curso/venv/lib/python3.9/site-packages/airflow/example_dags/subdags/subdag.py
[2023-07-17 10:31:10,622] {processor.py:161} INFO - Processing /home/eugenio/Documents/curso/venv/lib/python3.9/site-packages/airflow/example_dags/subdags/subdag.py took 0.013 seconds
[2023-07-17 10:31:44,257] {processor.py:153} INFO - Started process (PID=22422) to work on /home/eugenio/Documents/curso/venv/lib/python3.9/site-packages/airflow/example_dags/subdags/subdag.py
[2023-07-17 10:31:44,258] {processor.py:641} INFO - Processing file /home/eugenio/Documents/curso/venv/lib/python3.9/site-packages/airflow/example_dags/subdags/subdag.py for tasks to queue
[2023-07-17 10:31:44,258] {logging_mixin.py:115} INFO - [2023-07-17 10:31:44,258] {dagbag.py:507} INFO - Filling up the DagBag from /home/eugenio/Documents/curso/venv/lib/python3.9/site-packages/airflow/example_dags/subdags/subdag.py
[2023-07-17 10:31:44,259] {processor.py:653} WARNING - No viable dags retrieved from /home/eugenio/Documents/curso/venv/lib/python3.9/site-packages/airflow/example_dags/subdags/subdag.py
[2023-07-17 10:31:44,269] {processor.py:161} INFO - Processing /home/eugenio/Documents/curso/venv/lib/python3.9/site-packages/airflow/example_dags/subdags/subdag.py took 0.014 seconds
[2023-07-17 10:32:17,302] {processor.py:153} INFO - Started process (PID=22588) to work on /home/eugenio/Documents/curso/venv/lib/python3.9/site-packages/airflow/example_dags/subdags/subdag.py
[2023-07-17 10:32:17,303] {processor.py:641} INFO - Processing file /home/eugenio/Documents/curso/venv/lib/python3.9/site-packages/airflow/example_dags/subdags/subdag.py for tasks to queue
[2023-07-17 10:32:17,303] {logging_mixin.py:115} INFO - [2023-07-17 10:32:17,303] {dagbag.py:507} INFO - Filling up the DagBag from /home/eugenio/Documents/curso/venv/lib/python3.9/site-packages/airflow/example_dags/subdags/subdag.py
[2023-07-17 10:32:17,304] {processor.py:653} WARNING - No viable dags retrieved from /home/eugenio/Documents/curso/venv/lib/python3.9/site-packages/airflow/example_dags/subdags/subdag.py
[2023-07-17 10:32:17,312] {processor.py:161} INFO - Processing /home/eugenio/Documents/curso/venv/lib/python3.9/site-packages/airflow/example_dags/subdags/subdag.py took 0.012 seconds
[2023-07-17 10:32:50,726] {processor.py:153} INFO - Started process (PID=22818) to work on /home/eugenio/Documents/curso/venv/lib/python3.9/site-packages/airflow/example_dags/subdags/subdag.py
[2023-07-17 10:32:50,727] {processor.py:641} INFO - Processing file /home/eugenio/Documents/curso/venv/lib/python3.9/site-packages/airflow/example_dags/subdags/subdag.py for tasks to queue
[2023-07-17 10:32:50,727] {logging_mixin.py:115} INFO - [2023-07-17 10:32:50,727] {dagbag.py:507} INFO - Filling up the DagBag from /home/eugenio/Documents/curso/venv/lib/python3.9/site-packages/airflow/example_dags/subdags/subdag.py
[2023-07-17 10:32:50,729] {processor.py:653} WARNING - No viable dags retrieved from /home/eugenio/Documents/curso/venv/lib/python3.9/site-packages/airflow/example_dags/subdags/subdag.py
[2023-07-17 10:32:50,738] {processor.py:161} INFO - Processing /home/eugenio/Documents/curso/venv/lib/python3.9/site-packages/airflow/example_dags/subdags/subdag.py took 0.014 seconds
[2023-07-17 10:33:22,806] {processor.py:153} INFO - Started process (PID=23105) to work on /home/eugenio/Documents/curso/venv/lib/python3.9/site-packages/airflow/example_dags/subdags/subdag.py
[2023-07-17 10:33:22,807] {processor.py:641} INFO - Processing file /home/eugenio/Documents/curso/venv/lib/python3.9/site-packages/airflow/example_dags/subdags/subdag.py for tasks to queue
[2023-07-17 10:33:22,807] {logging_mixin.py:115} INFO - [2023-07-17 10:33:22,807] {dagbag.py:507} INFO - Filling up the DagBag from /home/eugenio/Documents/curso/venv/lib/python3.9/site-packages/airflow/example_dags/subdags/subdag.py
[2023-07-17 10:33:22,808] {processor.py:653} WARNING - No viable dags retrieved from /home/eugenio/Documents/curso/venv/lib/python3.9/site-packages/airflow/example_dags/subdags/subdag.py
[2023-07-17 10:33:22,817] {processor.py:161} INFO - Processing /home/eugenio/Documents/curso/venv/lib/python3.9/site-packages/airflow/example_dags/subdags/subdag.py took 0.014 seconds
[2023-07-17 10:33:58,749] {processor.py:153} INFO - Started process (PID=23290) to work on /home/eugenio/Documents/curso/venv/lib/python3.9/site-packages/airflow/example_dags/subdags/subdag.py
[2023-07-17 10:33:58,750] {processor.py:641} INFO - Processing file /home/eugenio/Documents/curso/venv/lib/python3.9/site-packages/airflow/example_dags/subdags/subdag.py for tasks to queue
[2023-07-17 10:33:58,750] {logging_mixin.py:115} INFO - [2023-07-17 10:33:58,750] {dagbag.py:507} INFO - Filling up the DagBag from /home/eugenio/Documents/curso/venv/lib/python3.9/site-packages/airflow/example_dags/subdags/subdag.py
[2023-07-17 10:33:58,751] {processor.py:653} WARNING - No viable dags retrieved from /home/eugenio/Documents/curso/venv/lib/python3.9/site-packages/airflow/example_dags/subdags/subdag.py
[2023-07-17 10:33:58,759] {processor.py:161} INFO - Processing /home/eugenio/Documents/curso/venv/lib/python3.9/site-packages/airflow/example_dags/subdags/subdag.py took 0.013 seconds
[2023-07-17 10:34:32,027] {processor.py:153} INFO - Started process (PID=23457) to work on /home/eugenio/Documents/curso/venv/lib/python3.9/site-packages/airflow/example_dags/subdags/subdag.py
[2023-07-17 10:34:32,027] {processor.py:641} INFO - Processing file /home/eugenio/Documents/curso/venv/lib/python3.9/site-packages/airflow/example_dags/subdags/subdag.py for tasks to queue
[2023-07-17 10:34:32,028] {logging_mixin.py:115} INFO - [2023-07-17 10:34:32,028] {dagbag.py:507} INFO - Filling up the DagBag from /home/eugenio/Documents/curso/venv/lib/python3.9/site-packages/airflow/example_dags/subdags/subdag.py
[2023-07-17 10:34:32,029] {processor.py:653} WARNING - No viable dags retrieved from /home/eugenio/Documents/curso/venv/lib/python3.9/site-packages/airflow/example_dags/subdags/subdag.py
[2023-07-17 10:34:32,037] {processor.py:161} INFO - Processing /home/eugenio/Documents/curso/venv/lib/python3.9/site-packages/airflow/example_dags/subdags/subdag.py took 0.013 seconds
[2023-07-17 10:35:05,414] {processor.py:153} INFO - Started process (PID=23683) to work on /home/eugenio/Documents/curso/venv/lib/python3.9/site-packages/airflow/example_dags/subdags/subdag.py
[2023-07-17 10:35:05,415] {processor.py:641} INFO - Processing file /home/eugenio/Documents/curso/venv/lib/python3.9/site-packages/airflow/example_dags/subdags/subdag.py for tasks to queue
[2023-07-17 10:35:05,415] {logging_mixin.py:115} INFO - [2023-07-17 10:35:05,415] {dagbag.py:507} INFO - Filling up the DagBag from /home/eugenio/Documents/curso/venv/lib/python3.9/site-packages/airflow/example_dags/subdags/subdag.py
[2023-07-17 10:35:05,416] {processor.py:653} WARNING - No viable dags retrieved from /home/eugenio/Documents/curso/venv/lib/python3.9/site-packages/airflow/example_dags/subdags/subdag.py
[2023-07-17 10:35:05,428] {processor.py:161} INFO - Processing /home/eugenio/Documents/curso/venv/lib/python3.9/site-packages/airflow/example_dags/subdags/subdag.py took 0.017 seconds
[2023-07-17 10:35:40,258] {processor.py:153} INFO - Started process (PID=23866) to work on /home/eugenio/Documents/curso/venv/lib/python3.9/site-packages/airflow/example_dags/subdags/subdag.py
[2023-07-17 10:35:40,259] {processor.py:641} INFO - Processing file /home/eugenio/Documents/curso/venv/lib/python3.9/site-packages/airflow/example_dags/subdags/subdag.py for tasks to queue
[2023-07-17 10:35:40,259] {logging_mixin.py:115} INFO - [2023-07-17 10:35:40,259] {dagbag.py:507} INFO - Filling up the DagBag from /home/eugenio/Documents/curso/venv/lib/python3.9/site-packages/airflow/example_dags/subdags/subdag.py
[2023-07-17 10:35:40,260] {processor.py:653} WARNING - No viable dags retrieved from /home/eugenio/Documents/curso/venv/lib/python3.9/site-packages/airflow/example_dags/subdags/subdag.py
[2023-07-17 10:35:40,268] {processor.py:161} INFO - Processing /home/eugenio/Documents/curso/venv/lib/python3.9/site-packages/airflow/example_dags/subdags/subdag.py took 0.013 seconds
[2023-07-17 10:36:14,320] {processor.py:153} INFO - Started process (PID=24038) to work on /home/eugenio/Documents/curso/venv/lib/python3.9/site-packages/airflow/example_dags/subdags/subdag.py
[2023-07-17 10:36:14,321] {processor.py:641} INFO - Processing file /home/eugenio/Documents/curso/venv/lib/python3.9/site-packages/airflow/example_dags/subdags/subdag.py for tasks to queue
[2023-07-17 10:36:14,321] {logging_mixin.py:115} INFO - [2023-07-17 10:36:14,321] {dagbag.py:507} INFO - Filling up the DagBag from /home/eugenio/Documents/curso/venv/lib/python3.9/site-packages/airflow/example_dags/subdags/subdag.py
[2023-07-17 10:36:14,322] {processor.py:653} WARNING - No viable dags retrieved from /home/eugenio/Documents/curso/venv/lib/python3.9/site-packages/airflow/example_dags/subdags/subdag.py
[2023-07-17 10:36:14,331] {processor.py:161} INFO - Processing /home/eugenio/Documents/curso/venv/lib/python3.9/site-packages/airflow/example_dags/subdags/subdag.py took 0.013 seconds
[2023-07-17 10:36:46,966] {processor.py:153} INFO - Started process (PID=24224) to work on /home/eugenio/Documents/curso/venv/lib/python3.9/site-packages/airflow/example_dags/subdags/subdag.py
[2023-07-17 10:36:46,967] {processor.py:641} INFO - Processing file /home/eugenio/Documents/curso/venv/lib/python3.9/site-packages/airflow/example_dags/subdags/subdag.py for tasks to queue
[2023-07-17 10:36:46,967] {logging_mixin.py:115} INFO - [2023-07-17 10:36:46,967] {dagbag.py:507} INFO - Filling up the DagBag from /home/eugenio/Documents/curso/venv/lib/python3.9/site-packages/airflow/example_dags/subdags/subdag.py
[2023-07-17 10:36:46,968] {processor.py:653} WARNING - No viable dags retrieved from /home/eugenio/Documents/curso/venv/lib/python3.9/site-packages/airflow/example_dags/subdags/subdag.py
[2023-07-17 10:36:46,977] {processor.py:161} INFO - Processing /home/eugenio/Documents/curso/venv/lib/python3.9/site-packages/airflow/example_dags/subdags/subdag.py took 0.013 seconds
[2023-07-17 10:37:23,422] {processor.py:153} INFO - Started process (PID=24531) to work on /home/eugenio/Documents/curso/venv/lib/python3.9/site-packages/airflow/example_dags/subdags/subdag.py
[2023-07-17 10:37:23,423] {processor.py:641} INFO - Processing file /home/eugenio/Documents/curso/venv/lib/python3.9/site-packages/airflow/example_dags/subdags/subdag.py for tasks to queue
[2023-07-17 10:37:23,423] {logging_mixin.py:115} INFO - [2023-07-17 10:37:23,423] {dagbag.py:507} INFO - Filling up the DagBag from /home/eugenio/Documents/curso/venv/lib/python3.9/site-packages/airflow/example_dags/subdags/subdag.py
[2023-07-17 10:37:23,424] {processor.py:653} WARNING - No viable dags retrieved from /home/eugenio/Documents/curso/venv/lib/python3.9/site-packages/airflow/example_dags/subdags/subdag.py
[2023-07-17 10:37:23,434] {processor.py:161} INFO - Processing /home/eugenio/Documents/curso/venv/lib/python3.9/site-packages/airflow/example_dags/subdags/subdag.py took 0.015 seconds
[2023-07-17 10:37:57,244] {processor.py:153} INFO - Started process (PID=24827) to work on /home/eugenio/Documents/curso/venv/lib/python3.9/site-packages/airflow/example_dags/subdags/subdag.py
[2023-07-17 10:37:57,246] {processor.py:641} INFO - Processing file /home/eugenio/Documents/curso/venv/lib/python3.9/site-packages/airflow/example_dags/subdags/subdag.py for tasks to queue
[2023-07-17 10:37:57,247] {logging_mixin.py:115} INFO - [2023-07-17 10:37:57,246] {dagbag.py:507} INFO - Filling up the DagBag from /home/eugenio/Documents/curso/venv/lib/python3.9/site-packages/airflow/example_dags/subdags/subdag.py
[2023-07-17 10:37:57,248] {processor.py:653} WARNING - No viable dags retrieved from /home/eugenio/Documents/curso/venv/lib/python3.9/site-packages/airflow/example_dags/subdags/subdag.py
[2023-07-17 10:37:57,256] {processor.py:161} INFO - Processing /home/eugenio/Documents/curso/venv/lib/python3.9/site-packages/airflow/example_dags/subdags/subdag.py took 0.015 seconds
[2023-07-17 10:38:30,810] {processor.py:153} INFO - Started process (PID=25057) to work on /home/eugenio/Documents/curso/venv/lib/python3.9/site-packages/airflow/example_dags/subdags/subdag.py
[2023-07-17 10:38:30,812] {processor.py:641} INFO - Processing file /home/eugenio/Documents/curso/venv/lib/python3.9/site-packages/airflow/example_dags/subdags/subdag.py for tasks to queue
[2023-07-17 10:38:30,813] {logging_mixin.py:115} INFO - [2023-07-17 10:38:30,813] {dagbag.py:507} INFO - Filling up the DagBag from /home/eugenio/Documents/curso/venv/lib/python3.9/site-packages/airflow/example_dags/subdags/subdag.py
[2023-07-17 10:38:30,814] {processor.py:653} WARNING - No viable dags retrieved from /home/eugenio/Documents/curso/venv/lib/python3.9/site-packages/airflow/example_dags/subdags/subdag.py
[2023-07-17 10:38:30,830] {processor.py:161} INFO - Processing /home/eugenio/Documents/curso/venv/lib/python3.9/site-packages/airflow/example_dags/subdags/subdag.py took 0.022 seconds
[2023-07-17 10:39:03,898] {processor.py:153} INFO - Started process (PID=25256) to work on /home/eugenio/Documents/curso/venv/lib/python3.9/site-packages/airflow/example_dags/subdags/subdag.py
[2023-07-17 10:39:03,899] {processor.py:641} INFO - Processing file /home/eugenio/Documents/curso/venv/lib/python3.9/site-packages/airflow/example_dags/subdags/subdag.py for tasks to queue
[2023-07-17 10:39:03,900] {logging_mixin.py:115} INFO - [2023-07-17 10:39:03,899] {dagbag.py:507} INFO - Filling up the DagBag from /home/eugenio/Documents/curso/venv/lib/python3.9/site-packages/airflow/example_dags/subdags/subdag.py
[2023-07-17 10:39:03,901] {processor.py:653} WARNING - No viable dags retrieved from /home/eugenio/Documents/curso/venv/lib/python3.9/site-packages/airflow/example_dags/subdags/subdag.py
[2023-07-17 10:39:03,910] {processor.py:161} INFO - Processing /home/eugenio/Documents/curso/venv/lib/python3.9/site-packages/airflow/example_dags/subdags/subdag.py took 0.013 seconds
[2023-07-17 10:39:40,556] {processor.py:153} INFO - Started process (PID=25441) to work on /home/eugenio/Documents/curso/venv/lib/python3.9/site-packages/airflow/example_dags/subdags/subdag.py
[2023-07-17 10:39:40,559] {processor.py:641} INFO - Processing file /home/eugenio/Documents/curso/venv/lib/python3.9/site-packages/airflow/example_dags/subdags/subdag.py for tasks to queue
[2023-07-17 10:39:40,560] {logging_mixin.py:115} INFO - [2023-07-17 10:39:40,560] {dagbag.py:507} INFO - Filling up the DagBag from /home/eugenio/Documents/curso/venv/lib/python3.9/site-packages/airflow/example_dags/subdags/subdag.py
[2023-07-17 10:39:40,561] {processor.py:653} WARNING - No viable dags retrieved from /home/eugenio/Documents/curso/venv/lib/python3.9/site-packages/airflow/example_dags/subdags/subdag.py
[2023-07-17 10:39:40,570] {processor.py:161} INFO - Processing /home/eugenio/Documents/curso/venv/lib/python3.9/site-packages/airflow/example_dags/subdags/subdag.py took 0.017 seconds
[2023-07-17 10:40:13,700] {processor.py:153} INFO - Started process (PID=25619) to work on /home/eugenio/Documents/curso/venv/lib/python3.9/site-packages/airflow/example_dags/subdags/subdag.py
[2023-07-17 10:40:13,702] {processor.py:641} INFO - Processing file /home/eugenio/Documents/curso/venv/lib/python3.9/site-packages/airflow/example_dags/subdags/subdag.py for tasks to queue
[2023-07-17 10:40:13,702] {logging_mixin.py:115} INFO - [2023-07-17 10:40:13,702] {dagbag.py:507} INFO - Filling up the DagBag from /home/eugenio/Documents/curso/venv/lib/python3.9/site-packages/airflow/example_dags/subdags/subdag.py
[2023-07-17 10:40:13,703] {processor.py:653} WARNING - No viable dags retrieved from /home/eugenio/Documents/curso/venv/lib/python3.9/site-packages/airflow/example_dags/subdags/subdag.py
[2023-07-17 10:40:13,715] {processor.py:161} INFO - Processing /home/eugenio/Documents/curso/venv/lib/python3.9/site-packages/airflow/example_dags/subdags/subdag.py took 0.017 seconds
[2023-07-17 10:40:45,990] {processor.py:153} INFO - Started process (PID=25791) to work on /home/eugenio/Documents/curso/venv/lib/python3.9/site-packages/airflow/example_dags/subdags/subdag.py
[2023-07-17 10:40:45,991] {processor.py:641} INFO - Processing file /home/eugenio/Documents/curso/venv/lib/python3.9/site-packages/airflow/example_dags/subdags/subdag.py for tasks to queue
[2023-07-17 10:40:45,991] {logging_mixin.py:115} INFO - [2023-07-17 10:40:45,991] {dagbag.py:507} INFO - Filling up the DagBag from /home/eugenio/Documents/curso/venv/lib/python3.9/site-packages/airflow/example_dags/subdags/subdag.py
[2023-07-17 10:40:45,993] {processor.py:653} WARNING - No viable dags retrieved from /home/eugenio/Documents/curso/venv/lib/python3.9/site-packages/airflow/example_dags/subdags/subdag.py
[2023-07-17 10:40:46,004] {processor.py:161} INFO - Processing /home/eugenio/Documents/curso/venv/lib/python3.9/site-packages/airflow/example_dags/subdags/subdag.py took 0.017 seconds
[2023-07-17 10:41:18,761] {processor.py:153} INFO - Started process (PID=25984) to work on /home/eugenio/Documents/curso/venv/lib/python3.9/site-packages/airflow/example_dags/subdags/subdag.py
[2023-07-17 10:41:18,763] {processor.py:641} INFO - Processing file /home/eugenio/Documents/curso/venv/lib/python3.9/site-packages/airflow/example_dags/subdags/subdag.py for tasks to queue
[2023-07-17 10:41:18,763] {logging_mixin.py:115} INFO - [2023-07-17 10:41:18,763] {dagbag.py:507} INFO - Filling up the DagBag from /home/eugenio/Documents/curso/venv/lib/python3.9/site-packages/airflow/example_dags/subdags/subdag.py
[2023-07-17 10:41:18,765] {processor.py:653} WARNING - No viable dags retrieved from /home/eugenio/Documents/curso/venv/lib/python3.9/site-packages/airflow/example_dags/subdags/subdag.py
[2023-07-17 10:41:18,777] {processor.py:161} INFO - Processing /home/eugenio/Documents/curso/venv/lib/python3.9/site-packages/airflow/example_dags/subdags/subdag.py took 0.019 seconds
[2023-07-17 10:41:52,967] {processor.py:153} INFO - Started process (PID=26159) to work on /home/eugenio/Documents/curso/venv/lib/python3.9/site-packages/airflow/example_dags/subdags/subdag.py
[2023-07-17 10:41:52,968] {processor.py:641} INFO - Processing file /home/eugenio/Documents/curso/venv/lib/python3.9/site-packages/airflow/example_dags/subdags/subdag.py for tasks to queue
[2023-07-17 10:41:52,968] {logging_mixin.py:115} INFO - [2023-07-17 10:41:52,968] {dagbag.py:507} INFO - Filling up the DagBag from /home/eugenio/Documents/curso/venv/lib/python3.9/site-packages/airflow/example_dags/subdags/subdag.py
[2023-07-17 10:41:52,969] {processor.py:653} WARNING - No viable dags retrieved from /home/eugenio/Documents/curso/venv/lib/python3.9/site-packages/airflow/example_dags/subdags/subdag.py
[2023-07-17 10:41:52,978] {processor.py:161} INFO - Processing /home/eugenio/Documents/curso/venv/lib/python3.9/site-packages/airflow/example_dags/subdags/subdag.py took 0.014 seconds
[2023-07-17 10:42:24,934] {processor.py:153} INFO - Started process (PID=26324) to work on /home/eugenio/Documents/curso/venv/lib/python3.9/site-packages/airflow/example_dags/subdags/subdag.py
[2023-07-17 10:42:24,935] {processor.py:641} INFO - Processing file /home/eugenio/Documents/curso/venv/lib/python3.9/site-packages/airflow/example_dags/subdags/subdag.py for tasks to queue
[2023-07-17 10:42:24,936] {logging_mixin.py:115} INFO - [2023-07-17 10:42:24,936] {dagbag.py:507} INFO - Filling up the DagBag from /home/eugenio/Documents/curso/venv/lib/python3.9/site-packages/airflow/example_dags/subdags/subdag.py
[2023-07-17 10:42:24,937] {processor.py:653} WARNING - No viable dags retrieved from /home/eugenio/Documents/curso/venv/lib/python3.9/site-packages/airflow/example_dags/subdags/subdag.py
[2023-07-17 10:42:24,948] {processor.py:161} INFO - Processing /home/eugenio/Documents/curso/venv/lib/python3.9/site-packages/airflow/example_dags/subdags/subdag.py took 0.017 seconds
[2023-07-17 10:42:56,215] {processor.py:153} INFO - Started process (PID=26552) to work on /home/eugenio/Documents/curso/venv/lib/python3.9/site-packages/airflow/example_dags/subdags/subdag.py
[2023-07-17 10:42:56,216] {processor.py:641} INFO - Processing file /home/eugenio/Documents/curso/venv/lib/python3.9/site-packages/airflow/example_dags/subdags/subdag.py for tasks to queue
[2023-07-17 10:42:56,216] {logging_mixin.py:115} INFO - [2023-07-17 10:42:56,216] {dagbag.py:507} INFO - Filling up the DagBag from /home/eugenio/Documents/curso/venv/lib/python3.9/site-packages/airflow/example_dags/subdags/subdag.py
[2023-07-17 10:42:56,217] {processor.py:653} WARNING - No viable dags retrieved from /home/eugenio/Documents/curso/venv/lib/python3.9/site-packages/airflow/example_dags/subdags/subdag.py
[2023-07-17 10:42:56,225] {processor.py:161} INFO - Processing /home/eugenio/Documents/curso/venv/lib/python3.9/site-packages/airflow/example_dags/subdags/subdag.py took 0.013 seconds
[2023-07-17 10:43:28,705] {processor.py:153} INFO - Started process (PID=26843) to work on /home/eugenio/Documents/curso/venv/lib/python3.9/site-packages/airflow/example_dags/subdags/subdag.py
[2023-07-17 10:43:28,706] {processor.py:641} INFO - Processing file /home/eugenio/Documents/curso/venv/lib/python3.9/site-packages/airflow/example_dags/subdags/subdag.py for tasks to queue
[2023-07-17 10:43:28,706] {logging_mixin.py:115} INFO - [2023-07-17 10:43:28,706] {dagbag.py:507} INFO - Filling up the DagBag from /home/eugenio/Documents/curso/venv/lib/python3.9/site-packages/airflow/example_dags/subdags/subdag.py
[2023-07-17 10:43:28,708] {processor.py:653} WARNING - No viable dags retrieved from /home/eugenio/Documents/curso/venv/lib/python3.9/site-packages/airflow/example_dags/subdags/subdag.py
[2023-07-17 10:43:28,720] {processor.py:161} INFO - Processing /home/eugenio/Documents/curso/venv/lib/python3.9/site-packages/airflow/example_dags/subdags/subdag.py took 0.017 seconds
[2023-07-17 10:43:59,573] {processor.py:153} INFO - Started process (PID=27007) to work on /home/eugenio/Documents/curso/venv/lib/python3.9/site-packages/airflow/example_dags/subdags/subdag.py
[2023-07-17 10:43:59,574] {processor.py:641} INFO - Processing file /home/eugenio/Documents/curso/venv/lib/python3.9/site-packages/airflow/example_dags/subdags/subdag.py for tasks to queue
[2023-07-17 10:43:59,575] {logging_mixin.py:115} INFO - [2023-07-17 10:43:59,575] {dagbag.py:507} INFO - Filling up the DagBag from /home/eugenio/Documents/curso/venv/lib/python3.9/site-packages/airflow/example_dags/subdags/subdag.py
[2023-07-17 10:43:59,576] {processor.py:653} WARNING - No viable dags retrieved from /home/eugenio/Documents/curso/venv/lib/python3.9/site-packages/airflow/example_dags/subdags/subdag.py
[2023-07-17 10:43:59,587] {processor.py:161} INFO - Processing /home/eugenio/Documents/curso/venv/lib/python3.9/site-packages/airflow/example_dags/subdags/subdag.py took 0.017 seconds
[2023-07-17 10:44:33,215] {processor.py:153} INFO - Started process (PID=27245) to work on /home/eugenio/Documents/curso/venv/lib/python3.9/site-packages/airflow/example_dags/subdags/subdag.py
[2023-07-17 10:44:33,215] {processor.py:641} INFO - Processing file /home/eugenio/Documents/curso/venv/lib/python3.9/site-packages/airflow/example_dags/subdags/subdag.py for tasks to queue
[2023-07-17 10:44:33,216] {logging_mixin.py:115} INFO - [2023-07-17 10:44:33,216] {dagbag.py:507} INFO - Filling up the DagBag from /home/eugenio/Documents/curso/venv/lib/python3.9/site-packages/airflow/example_dags/subdags/subdag.py
[2023-07-17 10:44:33,217] {processor.py:653} WARNING - No viable dags retrieved from /home/eugenio/Documents/curso/venv/lib/python3.9/site-packages/airflow/example_dags/subdags/subdag.py
[2023-07-17 10:44:33,225] {processor.py:161} INFO - Processing /home/eugenio/Documents/curso/venv/lib/python3.9/site-packages/airflow/example_dags/subdags/subdag.py took 0.013 seconds
[2023-07-17 10:45:09,243] {processor.py:153} INFO - Started process (PID=28148) to work on /home/eugenio/Documents/curso/venv/lib/python3.9/site-packages/airflow/example_dags/subdags/subdag.py
[2023-07-17 10:45:09,244] {processor.py:641} INFO - Processing file /home/eugenio/Documents/curso/venv/lib/python3.9/site-packages/airflow/example_dags/subdags/subdag.py for tasks to queue
[2023-07-17 10:45:09,245] {logging_mixin.py:115} INFO - [2023-07-17 10:45:09,245] {dagbag.py:507} INFO - Filling up the DagBag from /home/eugenio/Documents/curso/venv/lib/python3.9/site-packages/airflow/example_dags/subdags/subdag.py
[2023-07-17 10:45:09,246] {processor.py:653} WARNING - No viable dags retrieved from /home/eugenio/Documents/curso/venv/lib/python3.9/site-packages/airflow/example_dags/subdags/subdag.py
[2023-07-17 10:45:09,255] {processor.py:161} INFO - Processing /home/eugenio/Documents/curso/venv/lib/python3.9/site-packages/airflow/example_dags/subdags/subdag.py took 0.015 seconds
[2023-07-17 10:45:44,131] {processor.py:153} INFO - Started process (PID=29187) to work on /home/eugenio/Documents/curso/venv/lib/python3.9/site-packages/airflow/example_dags/subdags/subdag.py
[2023-07-17 10:45:44,133] {processor.py:641} INFO - Processing file /home/eugenio/Documents/curso/venv/lib/python3.9/site-packages/airflow/example_dags/subdags/subdag.py for tasks to queue
[2023-07-17 10:45:44,133] {logging_mixin.py:115} INFO - [2023-07-17 10:45:44,133] {dagbag.py:507} INFO - Filling up the DagBag from /home/eugenio/Documents/curso/venv/lib/python3.9/site-packages/airflow/example_dags/subdags/subdag.py
[2023-07-17 10:45:44,134] {processor.py:653} WARNING - No viable dags retrieved from /home/eugenio/Documents/curso/venv/lib/python3.9/site-packages/airflow/example_dags/subdags/subdag.py
[2023-07-17 10:45:44,143] {processor.py:161} INFO - Processing /home/eugenio/Documents/curso/venv/lib/python3.9/site-packages/airflow/example_dags/subdags/subdag.py took 0.016 seconds
